Using pre-set license
Built from '2022.3/release' branch; Version is '2022.3.20f1 (61c2feb0970d) revision 6406910'; Using compiler version '192829333'; Build Type 'Release'
OS: 'Windows 10  (10.0.19045) 64bit Professional' Language: 'en' Physical Memory: 32688 MB
BatchMode: 1, IsHumanControllingUs: 0, StartBugReporterOnCrash: 0, Is64bit: 1, IsPro: 1

COMMAND LINE ARGUMENTS:
C:\Program Files\Unity\Hub\Editor\2022.3.20f1\Editor\Unity.exe
-adb2
-batchMode
-noUpm
-name
AssetImportWorker4
-projectPath
C:/Users/User/Documents/GitHub/3D/Heat-N-Run-3D
-logFile
Logs/AssetImportWorker4.log
-srvPort
65516
Successfully changed project path to: C:/Users/User/Documents/GitHub/3D/Heat-N-Run-3D
C:/Users/User/Documents/GitHub/3D/Heat-N-Run-3D
[UnityMemory] Configuration Parameters - Can be set up in boot.config
    "memorysetup-bucket-allocator-granularity=16"
    "memorysetup-bucket-allocator-bucket-count=8"
    "memorysetup-bucket-allocator-block-size=33554432"
    "memorysetup-bucket-allocator-block-count=8"
    "memorysetup-main-allocator-block-size=16777216"
    "memorysetup-thread-allocator-block-size=16777216"
    "memorysetup-gfx-main-allocator-block-size=16777216"
    "memorysetup-gfx-thread-allocator-block-size=16777216"
    "memorysetup-cache-allocator-block-size=4194304"
    "memorysetup-typetree-allocator-block-size=2097152"
    "memorysetup-profiler-bucket-allocator-granularity=16"
    "memorysetup-profiler-bucket-allocator-bucket-count=8"
    "memorysetup-profiler-bucket-allocator-block-size=33554432"
    "memorysetup-profiler-bucket-allocator-block-count=8"
    "memorysetup-profiler-allocator-block-size=16777216"
    "memorysetup-profiler-editor-allocator-block-size=1048576"
    "memorysetup-temp-allocator-size-main=16777216"
    "memorysetup-job-temp-allocator-block-size=2097152"
    "memorysetup-job-temp-allocator-block-size-background=1048576"
    "memorysetup-job-temp-allocator-reduction-small-platforms=262144"
    "memorysetup-allocator-temp-initial-block-size-main=262144"
    "memorysetup-allocator-temp-initial-block-size-worker=262144"
    "memorysetup-temp-allocator-size-background-worker=32768"
    "memorysetup-temp-allocator-size-job-worker=262144"
    "memorysetup-temp-allocator-size-preload-manager=33554432"
    "memorysetup-temp-allocator-size-nav-mesh-worker=65536"
    "memorysetup-temp-allocator-size-audio-worker=65536"
    "memorysetup-temp-allocator-size-cloud-worker=32768"
    "memorysetup-temp-allocator-size-gi-baking-worker=262144"
    "memorysetup-temp-allocator-size-gfx=262144"
Player connection [30744] Host "[IP] 25.48.24.83 [Port] 0 [Flags] 2 [Guid] 1606682238 [EditorId] 1606682238 [Version] 1048832 [Id] WindowsEditor(7,DESKTOP-7UJ1O0C) [Debug] 1 [PackageName] WindowsEditor [ProjectName] Editor" joined multi-casting on [225.0.0.222:54997]...

Player connection [30744] Host "[IP] 25.48.24.83 [Port] 0 [Flags] 2 [Guid] 1606682238 [EditorId] 1606682238 [Version] 1048832 [Id] WindowsEditor(7,DESKTOP-7UJ1O0C) [Debug] 1 [PackageName] WindowsEditor [ProjectName] Editor" joined alternative multi-casting on [225.0.0.222:34997]...

[Physics::Module] Initialized MultithreadedJobDispatcher with 15 workers.
Refreshing native plugins compatible for Editor in 10.86 ms, found 3 plugins.
Preloading 0 native plugins for Editor in 0.00 ms.
Initialize engine version: 2022.3.20f1 (61c2feb0970d)
[Subsystems] Discovering subsystems at path C:/Program Files/Unity/Hub/Editor/2022.3.20f1/Editor/Data/Resources/UnitySubsystems
[Subsystems] Discovering subsystems at path C:/Users/User/Documents/GitHub/3D/Heat-N-Run-3D/Assets
GfxDevice: creating device client; threaded=0; jobified=0
Direct3D:
    Version:  Direct3D 11.0 [level 11.1]
    Renderer: NVIDIA GeForce RTX 3070 Ti (ID=0x2482)
    Vendor:   NVIDIA
    VRAM:     8018 MB
    Driver:   32.0.15.6614
Initialize mono
Mono path[0] = 'C:/Program Files/Unity/Hub/Editor/2022.3.20f1/Editor/Data/Managed'
Mono path[1] = 'C:/Program Files/Unity/Hub/Editor/2022.3.20f1/Editor/Data/MonoBleedingEdge/lib/mono/unityjit-win32'
Mono config path = 'C:/Program Files/Unity/Hub/Editor/2022.3.20f1/Editor/Data/MonoBleedingEdge/etc'
Using monoOptions --debugger-agent=transport=dt_socket,embedding=1,server=y,suspend=n,address=127.0.0.1:56456
Begin MonoManager ReloadAssembly
Registering precompiled unity dll's ...
Register platform support module: C:/Program Files/Unity/Hub/Editor/2022.3.20f1/Editor/Data/PlaybackEngines/WebGLSupport/UnityEditor.WebGL.Extensions.dll
Register platform support module: C:/Program Files/Unity/Hub/Editor/2022.3.20f1/Editor/Data/PlaybackEngines/WindowsStandaloneSupport/UnityEditor.WindowsStandalone.Extensions.dll
Registered in 0.013193 seconds.
- Loaded All Assemblies, in  0.348 seconds
Native extension for WindowsStandalone target not found
Native extension for WebGL target not found
Mono: successfully reloaded assembly
- Finished resetting the current domain, in  0.259 seconds
Domain Reload Profiling: 604ms
	BeginReloadAssembly (114ms)
		ExecutionOrderSort (0ms)
		DisableScriptedObjects (0ms)
		BackupInstance (0ms)
		ReleaseScriptingObjects (0ms)
		CreateAndSetChildDomain (1ms)
	RebuildCommonClasses (34ms)
	RebuildNativeTypeToScriptingClass (9ms)
	initialDomainReloadingComplete (67ms)
	LoadAllAssembliesAndSetupDomain (121ms)
		LoadAssemblies (111ms)
		RebuildTransferFunctionScriptingTraits (0ms)
		AnalyzeDomain (120ms)
			TypeCache.Refresh (118ms)
				TypeCache.ScanAssembly (107ms)
			ScanForSourceGeneratedMonoScriptInfo (0ms)
			ResolveRequiredComponents (0ms)
	FinalizeReload (259ms)
		ReleaseScriptCaches (0ms)
		RebuildScriptCaches (0ms)
		SetupLoadedEditorAssemblies (204ms)
			LogAssemblyErrors (0ms)
			InitializePlatformSupportModulesInManaged (11ms)
			SetLoadedEditorAssemblies (4ms)
			RefreshPlugins (0ms)
			BeforeProcessingInitializeOnLoad (2ms)
			ProcessInitializeOnLoadAttributes (140ms)
			ProcessInitializeOnLoadMethodAttributes (47ms)
			AfterProcessingInitializeOnLoad (0ms)
			EditorAssembliesLoaded (0ms)
		ExecutionOrderSort2 (0ms)
		AwakeInstancesAfterBackupRestoration (0ms)
========================================================================
Worker process is ready to serve import requests
Begin MonoManager ReloadAssembly
- Loaded All Assemblies, in  0.572 seconds
Refreshing native plugins compatible for Editor in 5.69 ms, found 3 plugins.
Native extension for WindowsStandalone target not found
Native extension for WebGL target not found
Package Manager log level set to [2]
[Package Manager] Server::EnsureServerProcessIsRunning -- launch failed, reason: Unity was launched with the -noUpm command-line argument
[Package Manager] UpmClient::Send -- Unable to send message (not connected to UPM process).
[Package Manager] Cannot connect to Unity Package Manager local server
Mono: successfully reloaded assembly
- Finished resetting the current domain, in  0.575 seconds
Domain Reload Profiling: 1143ms
	BeginReloadAssembly (140ms)
		ExecutionOrderSort (0ms)
		DisableScriptedObjects (6ms)
		BackupInstance (0ms)
		ReleaseScriptingObjects (0ms)
		CreateAndSetChildDomain (20ms)
	RebuildCommonClasses (29ms)
	RebuildNativeTypeToScriptingClass (9ms)
	initialDomainReloadingComplete (42ms)
	LoadAllAssembliesAndSetupDomain (347ms)
		LoadAssemblies (283ms)
		RebuildTransferFunctionScriptingTraits (0ms)
		AnalyzeDomain (147ms)
			TypeCache.Refresh (130ms)
				TypeCache.ScanAssembly (117ms)
			ScanForSourceGeneratedMonoScriptInfo (13ms)
			ResolveRequiredComponents (3ms)
	FinalizeReload (576ms)
		ReleaseScriptCaches (0ms)
		RebuildScriptCaches (0ms)
		SetupLoadedEditorAssemblies (448ms)
			LogAssemblyErrors (0ms)
			InitializePlatformSupportModulesInManaged (10ms)
			SetLoadedEditorAssemblies (4ms)
			RefreshPlugins (0ms)
			BeforeProcessingInitializeOnLoad (66ms)
			ProcessInitializeOnLoadAttributes (338ms)
			ProcessInitializeOnLoadMethodAttributes (17ms)
			AfterProcessingInitializeOnLoad (11ms)
			EditorAssembliesLoaded (0ms)
		ExecutionOrderSort2 (0ms)
		AwakeInstancesAfterBackupRestoration (6ms)
Launched and connected shader compiler UnityShaderCompiler.exe after 0.05 seconds
Refreshing native plugins compatible for Editor in 4.82 ms, found 3 plugins.
Preloading 0 native plugins for Editor in 0.00 ms.
Unloading 3177 Unused Serialized files (Serialized files now loaded: 0)
Unloading 32 unused Assets / (57.2 KB). Loaded Objects now: 3640.
Memory consumption went from 128.8 MB to 128.8 MB.
Total: 2.891100 ms (FindLiveObjects: 0.334600 ms CreateObjectMapping: 0.093200 ms MarkObjects: 2.374900 ms  DeleteObjects: 0.087600 ms)

AssetImportParameters requested are different than current active one (requested -> active):
  custom:container-demuxer-ogg: 62fdf1f143b41e24485cea50d1cbac27 -> 
  custom:video-decoder-ogg-theora: a1e56fd34408186e4bbccfd4996cb3dc -> 
  custom:framework-win-MediaFoundation: 216162199b28c13a410421893ffa2e32 -> 
  custom:CustomObjectIndexerAttribute: 6d391050e5a25f67b0a2c618074f2cd9 -> 
  custom:container-demuxer-webm: 4f35f7cbe854078d1ac9338744f61a02 -> 
  custom:container-muxer-webm: aa71ff27fc2769a1b78a27578f13a17b -> 
  custom:video-decoder-webm-vp8: 9c59270c3fd7afecdb556c50c9e8de78 -> 
  custom:SearchIndexIgnoredProperties: e643bd26f0fe6173181afceb89e7c659 -> 
  custom:AudioImporter_EditorPlatform: d09bf68614088b80899f8185d706f6e7 -> 
  custom:video-encoder-webm-vp8: eb34c28f22e8b96e1ab97ce403110664 -> 
  custom:audio-decoder-ogg-vorbis: bf7c407c2cedff20999df2af8eb42d56 -> 
  custom:audio-encoder-webm-vorbis: bf7c407c2cedff20999df2af8eb42d56 -> 
========================================================================
Received Import Request.
  Time since last request: 21189.311480 seconds.
  path: Assets/Polygonal Particles/Assets/Meshes/Building_TowerConcrete.fbx
  artifactKey: Guid(af043257944da7f4cba7a0cbaf741bbc) Importer(815301076,1909f56bfc062723c751e8b465ee728b)
Start importing Assets/Polygonal Particles/Assets/Meshes/Building_TowerConcrete.fbx using Guid(af043257944da7f4cba7a0cbaf741bbc) Importer(815301076,1909f56bfc062723c751e8b465ee728b)  -> (artifact id: '1e793fb7ea27421de749cda6a15b456e') in 0.166833 seconds
Number of updated asset objects reloaded before import = 0
Number of asset objects unloaded after import = 58
========================================================================
Received Import Request.
  Time since last request: 0.449421 seconds.
  path: Assets/Polygonal Particles/Assets/Materials/JetExhaustMobile.mat
  artifactKey: Guid(f3ac2bf9aac84e547a36319d5b260a98) Importer(815301076,1909f56bfc062723c751e8b465ee728b)
Start importing Assets/Polygonal Particles/Assets/Materials/JetExhaustMobile.mat using Guid(f3ac2bf9aac84e547a36319d5b260a98) Importer(815301076,1909f56bfc062723c751e8b465ee728b)  -> (artifact id: 'f01229461029c2c642127aec7d102889') in 0.031240 seconds
Number of updated asset objects reloaded before import = 0
Number of asset objects unloaded after import = 1
========================================================================
Received Import Request.
  Time since last request: 231.966532 seconds.
  path: Assets/Polygonal Particles/Assets/Prefabs/Explosions/Explosion01.prefab
  artifactKey: Guid(b3d8264aa7d2d824a8a503e45291ddf4) Importer(815301076,1909f56bfc062723c751e8b465ee728b)
Start importing Assets/Polygonal Particles/Assets/Prefabs/Explosions/Explosion01.prefab using Guid(b3d8264aa7d2d824a8a503e45291ddf4) Importer(815301076,1909f56bfc062723c751e8b465ee728b)  -> (artifact id: 'eb7dcd42c4baa290a37898aa1c58a95d') in 0.014027 seconds
Number of updated asset objects reloaded before import = 0
Number of asset objects unloaded after import = 11
========================================================================
Received Import Request.
  Time since last request: 0.007389 seconds.
  path: Assets/Polygonal Particles/Assets/Prefabs/Explosions/Explosion02_HighPerformance.prefab
  artifactKey: Guid(95175aeab20f4d041860eca89a4ddded) Importer(815301076,1909f56bfc062723c751e8b465ee728b)
Start importing Assets/Polygonal Particles/Assets/Prefabs/Explosions/Explosion02_HighPerformance.prefab using Guid(95175aeab20f4d041860eca89a4ddded) Importer(815301076,1909f56bfc062723c751e8b465ee728b)  -> (artifact id: '759e7f631a388f7a3bc2f446e79ea8a7') in 0.010955 seconds
Number of updated asset objects reloaded before import = 0
Number of asset objects unloaded after import = 12
========================================================================
Received Import Request.
  Time since last request: 0.000010 seconds.
  path: Assets/Polygonal Particles/Assets/Prefabs/Explosions/Explosion02_Mobile.prefab
  artifactKey: Guid(fba3984b4d1739047b5b3e699ebda36a) Importer(815301076,1909f56bfc062723c751e8b465ee728b)
Start importing Assets/Polygonal Particles/Assets/Prefabs/Explosions/Explosion02_Mobile.prefab using Guid(fba3984b4d1739047b5b3e699ebda36a) Importer(815301076,1909f56bfc062723c751e8b465ee728b)  -> (artifact id: 'c01714c44ceb97ff7930200a7b3e6cc3') in 0.009879 seconds
Number of updated asset objects reloaded before import = 0
Number of asset objects unloaded after import = 12
========================================================================
Received Import Request.
  Time since last request: 0.000011 seconds.
  path: Assets/Polygonal Particles/Assets/Prefabs/Explosions/Explosion03.prefab
  artifactKey: Guid(151b49b11ab5924429acc76ead6435fa) Importer(815301076,1909f56bfc062723c751e8b465ee728b)
Start importing Assets/Polygonal Particles/Assets/Prefabs/Explosions/Explosion03.prefab using Guid(151b49b11ab5924429acc76ead6435fa) Importer(815301076,1909f56bfc062723c751e8b465ee728b)  -> (artifact id: '6bffad7f66b3b97d7fb626b26f601dcd') in 0.009747 seconds
Number of updated asset objects reloaded before import = 0
Number of asset objects unloaded after import = 12
========================================================================
Received Import Request.
  Time since last request: 0.000011 seconds.
  path: Assets/Polygonal Particles/Assets/Prefabs/Explosions/Explosion03_Mobile.prefab
  artifactKey: Guid(42b5a7c17e87672438c3602c0b701f71) Importer(815301076,1909f56bfc062723c751e8b465ee728b)
Start importing Assets/Polygonal Particles/Assets/Prefabs/Explosions/Explosion03_Mobile.prefab using Guid(42b5a7c17e87672438c3602c0b701f71) Importer(815301076,1909f56bfc062723c751e8b465ee728b)  -> (artifact id: 'c4173350238d0af2839ee4bf84b4ddf7') in 0.009294 seconds
Number of updated asset objects reloaded before import = 0
Number of asset objects unloaded after import = 12
========================================================================
Received Import Request.
  Time since last request: 0.022489 seconds.
  path: Assets/Polygonal Particles/Assets/Prefabs/Fire/Fire01_HighPerformance.prefab
  artifactKey: Guid(64ab3f6dcb0a5e148a1f122df8d2e623) Importer(815301076,1909f56bfc062723c751e8b465ee728b)
Start importing Assets/Polygonal Particles/Assets/Prefabs/Fire/Fire01_HighPerformance.prefab using Guid(64ab3f6dcb0a5e148a1f122df8d2e623) Importer(815301076,1909f56bfc062723c751e8b465ee728b)  -> (artifact id: 'a242108d1aacae1738ffdc5e307bf6c8') in 0.013510 seconds
Number of updated asset objects reloaded before import = 0
Number of asset objects unloaded after import = 13
========================================================================
Received Import Request.
  Time since last request: 0.000011 seconds.
  path: Assets/Polygonal Particles/Assets/Prefabs/Fire/Fire02.prefab
  artifactKey: Guid(ef30331bc4c461842a1da74c1c8052ab) Importer(815301076,1909f56bfc062723c751e8b465ee728b)
Start importing Assets/Polygonal Particles/Assets/Prefabs/Fire/Fire02.prefab using Guid(ef30331bc4c461842a1da74c1c8052ab) Importer(815301076,1909f56bfc062723c751e8b465ee728b)  -> (artifact id: '86628c4ff8c8f3aedf58ce32593d87fd') in 0.010781 seconds
Number of updated asset objects reloaded before import = 0
Number of asset objects unloaded after import = 13
========================================================================
Received Import Request.
  Time since last request: 0.000010 seconds.
  path: Assets/Polygonal Particles/Assets/Prefabs/Fire/Fire02_HighPerformance.prefab
  artifactKey: Guid(30d1d54fdb738a04c9e8dd5270bb84ef) Importer(815301076,1909f56bfc062723c751e8b465ee728b)
Start importing Assets/Polygonal Particles/Assets/Prefabs/Fire/Fire02_HighPerformance.prefab using Guid(30d1d54fdb738a04c9e8dd5270bb84ef) Importer(815301076,1909f56bfc062723c751e8b465ee728b)  -> (artifact id: 'c2297ce4ae7eb35d4a51c24c462169b9') in 0.009838 seconds
Number of updated asset objects reloaded before import = 0
Number of asset objects unloaded after import = 13
========================================================================
Received Import Request.
  Time since last request: 0.026596 seconds.
  path: Assets/Polygonal Particles/Assets/Prefabs/Fire/Fire03_HighPerformance.prefab
  artifactKey: Guid(a4afec72d7b0d5d44bee980d08e35dde) Importer(815301076,1909f56bfc062723c751e8b465ee728b)
Start importing Assets/Polygonal Particles/Assets/Prefabs/Fire/Fire03_HighPerformance.prefab using Guid(a4afec72d7b0d5d44bee980d08e35dde) Importer(815301076,1909f56bfc062723c751e8b465ee728b)  -> (artifact id: 'bbf48c5b466e1c263cb324440d49d66e') in 0.010731 seconds
Number of updated asset objects reloaded before import = 0
Number of asset objects unloaded after import = 8
========================================================================
Received Import Request.
  Time since last request: 0.000013 seconds.
  path: Assets/Polygonal Particles/Assets/Prefabs/Fire/FireArea_Mobile.prefab
  artifactKey: Guid(e064b74d645658241ac223a448daeb4e) Importer(815301076,1909f56bfc062723c751e8b465ee728b)
Start importing Assets/Polygonal Particles/Assets/Prefabs/Fire/FireArea_Mobile.prefab using Guid(e064b74d645658241ac223a448daeb4e) Importer(815301076,1909f56bfc062723c751e8b465ee728b)  -> (artifact id: '5715f7ffd74236b2cefa8159e0507220') in 0.009787 seconds
Number of updated asset objects reloaded before import = 0
Number of asset objects unloaded after import = 12
========================================================================
Received Import Request.
  Time since last request: 0.000010 seconds.
  path: Assets/Polygonal Particles/Assets/Prefabs/Fire/FireArea.prefab
  artifactKey: Guid(bbd1860d44f6c7546aad605f3666475f) Importer(815301076,1909f56bfc062723c751e8b465ee728b)
Start importing Assets/Polygonal Particles/Assets/Prefabs/Fire/FireArea.prefab using Guid(bbd1860d44f6c7546aad605f3666475f) Importer(815301076,1909f56bfc062723c751e8b465ee728b)  -> (artifact id: '08f9820899f9181a70b4246adb6484ef') in 0.008883 seconds
Number of updated asset objects reloaded before import = 0
Number of asset objects unloaded after import = 13
========================================================================
Received Import Request.
  Time since last request: 0.083077 seconds.
  path: Assets/Polygonal Particles/Assets/Prefabs/Fire/FireBall_HighPerformance.prefab
  artifactKey: Guid(2492a38f2c3a20f4695d374ded8a8981) Importer(815301076,1909f56bfc062723c751e8b465ee728b)
Start importing Assets/Polygonal Particles/Assets/Prefabs/Fire/FireBall_HighPerformance.prefab using Guid(2492a38f2c3a20f4695d374ded8a8981) Importer(815301076,1909f56bfc062723c751e8b465ee728b)  -> (artifact id: '564df7313174b98a4294368e6ec7a251') in 0.009897 seconds
Number of updated asset objects reloaded before import = 0
Number of asset objects unloaded after import = 8
========================================================================
Received Import Request.
  Time since last request: 0.000010 seconds.
  path: Assets/Polygonal Particles/Assets/Prefabs/Environment/Fireflies_HighPerformance.prefab
  artifactKey: Guid(c74135ed198083f4fb4d515df70d0bd9) Importer(815301076,1909f56bfc062723c751e8b465ee728b)
Start importing Assets/Polygonal Particles/Assets/Prefabs/Environment/Fireflies_HighPerformance.prefab using Guid(c74135ed198083f4fb4d515df70d0bd9) Importer(815301076,1909f56bfc062723c751e8b465ee728b)  -> (artifact id: 'e114a6762827b049a170ad20a56e93a6') in 0.009922 seconds
Number of updated asset objects reloaded before import = 0
Number of asset objects unloaded after import = 8
========================================================================
Received Import Request.
  Time since last request: 0.000010 seconds.
  path: Assets/Polygonal Particles/Assets/Prefabs/Environment/Fireflies_Mobile.prefab
  artifactKey: Guid(07581250636651942a7b6354aabb583c) Importer(815301076,1909f56bfc062723c751e8b465ee728b)
Start importing Assets/Polygonal Particles/Assets/Prefabs/Environment/Fireflies_Mobile.prefab using Guid(07581250636651942a7b6354aabb583c) Importer(815301076,1909f56bfc062723c751e8b465ee728b)  -> (artifact id: '7964c8b50ba373879338ea60bc9cbe1d') in 0.009337 seconds
Number of updated asset objects reloaded before import = 0
Number of asset objects unloaded after import = 8
========================================================================
Received Import Request.
  Time since last request: 0.000014 seconds.
  path: Assets/Polygonal Particles/Assets/Prefabs/Fire/Flame.prefab
  artifactKey: Guid(ab22dfee5ddd2634f991aee1f95f050f) Importer(815301076,1909f56bfc062723c751e8b465ee728b)
Start importing Assets/Polygonal Particles/Assets/Prefabs/Fire/Flame.prefab using Guid(ab22dfee5ddd2634f991aee1f95f050f) Importer(815301076,1909f56bfc062723c751e8b465ee728b)  -> (artifact id: '410212ddc9d5c22ca82d36d22f7a1652') in 0.008437 seconds
Number of updated asset objects reloaded before import = 0
Number of asset objects unloaded after import = 8
========================================================================
Received Import Request.
  Time since last request: 0.000047 seconds.
  path: Assets/Polygonal Particles/Assets/Prefabs/Fire/Flame_HighPerformance.prefab
  artifactKey: Guid(6161eded44c75044fbdbdb73f05ecc4e) Importer(815301076,1909f56bfc062723c751e8b465ee728b)
Start importing Assets/Polygonal Particles/Assets/Prefabs/Fire/Flame_HighPerformance.prefab using Guid(6161eded44c75044fbdbdb73f05ecc4e) Importer(815301076,1909f56bfc062723c751e8b465ee728b)  -> (artifact id: '33dc4f7f0dc4e328bfe2e3acf25658bf') in 0.008828 seconds
Number of updated asset objects reloaded before import = 0
Number of asset objects unloaded after import = 8
========================================================================
Received Import Request.
  Time since last request: 0.000012 seconds.
  path: Assets/Polygonal Particles/Assets/Prefabs/Hit Particles/HitBlood_HighPerformance.prefab
  artifactKey: Guid(021a2f7a2c5bc4449b4c64a66a050e8c) Importer(815301076,1909f56bfc062723c751e8b465ee728b)
Start importing Assets/Polygonal Particles/Assets/Prefabs/Hit Particles/HitBlood_HighPerformance.prefab using Guid(021a2f7a2c5bc4449b4c64a66a050e8c) Importer(815301076,1909f56bfc062723c751e8b465ee728b)  -> (artifact id: '8d848a66e17f86163ef26bdd6dcc80a2') in 0.009078 seconds
Number of updated asset objects reloaded before import = 0
Number of asset objects unloaded after import = 8
========================================================================
Received Import Request.
  Time since last request: 0.000011 seconds.
  path: Assets/Polygonal Particles/Assets/Prefabs/Fire/Flame_Mobile.prefab
  artifactKey: Guid(0276da4f7f58f52488624adb26f2ec92) Importer(815301076,1909f56bfc062723c751e8b465ee728b)
Start importing Assets/Polygonal Particles/Assets/Prefabs/Fire/Flame_Mobile.prefab using Guid(0276da4f7f58f52488624adb26f2ec92) Importer(815301076,1909f56bfc062723c751e8b465ee728b)  -> (artifact id: '77e41396edd4a168dec79686819a43ba') in 0.008718 seconds
Number of updated asset objects reloaded before import = 0
Number of asset objects unloaded after import = 8
========================================================================
Received Import Request.
  Time since last request: 0.256596 seconds.
  path: Assets/Polygonal Particles/Assets/Prefabs/Hit Particles/HitCrystal_HighPerformance.prefab
  artifactKey: Guid(ad714cd0d7a115b498c442f2b866d77f) Importer(815301076,1909f56bfc062723c751e8b465ee728b)
Start importing Assets/Polygonal Particles/Assets/Prefabs/Hit Particles/HitCrystal_HighPerformance.prefab using Guid(ad714cd0d7a115b498c442f2b866d77f) Importer(815301076,1909f56bfc062723c751e8b465ee728b)  -> (artifact id: 'fabf578bffaf920c435437a1a055ddec') in 0.011683 seconds
Number of updated asset objects reloaded before import = 0
Number of asset objects unloaded after import = 8
========================================================================
Received Import Request.
  Time since last request: 0.000010 seconds.
  path: Assets/Polygonal Particles/Assets/Prefabs/Hit Particles/HitRock01_Mobile.prefab
  artifactKey: Guid(5490db4cc4dbced44b137549b1a4e6f1) Importer(815301076,1909f56bfc062723c751e8b465ee728b)
Start importing Assets/Polygonal Particles/Assets/Prefabs/Hit Particles/HitRock01_Mobile.prefab using Guid(5490db4cc4dbced44b137549b1a4e6f1) Importer(815301076,1909f56bfc062723c751e8b465ee728b)  -> (artifact id: 'db92c7f696783cfa0ca99dfef35c1ce4') in 0.009160 seconds
Number of updated asset objects reloaded before import = 0
Number of asset objects unloaded after import = 8
========================================================================
Received Import Request.
  Time since last request: 0.000009 seconds.
  path: Assets/Polygonal Particles/Assets/Prefabs/Hit Particles/HitRock01.prefab
  artifactKey: Guid(dc1d5ca3304bfa943859960d5d1bb9b3) Importer(815301076,1909f56bfc062723c751e8b465ee728b)
Start importing Assets/Polygonal Particles/Assets/Prefabs/Hit Particles/HitRock01.prefab using Guid(dc1d5ca3304bfa943859960d5d1bb9b3) Importer(815301076,1909f56bfc062723c751e8b465ee728b)  -> (artifact id: 'ebed8037a398b83b49d117730e05bf26') in 0.008436 seconds
Number of updated asset objects reloaded before import = 0
Number of asset objects unloaded after import = 8
========================================================================
Received Import Request.
  Time since last request: 0.004248 seconds.
  path: Assets/Polygonal Particles/Assets/Prefabs/Hit Particles/HitRock02_HighPerformance.prefab
  artifactKey: Guid(eeff7fc95b847e24ea570517df74d06d) Importer(815301076,1909f56bfc062723c751e8b465ee728b)
Start importing Assets/Polygonal Particles/Assets/Prefabs/Hit Particles/HitRock02_HighPerformance.prefab using Guid(eeff7fc95b847e24ea570517df74d06d) Importer(815301076,1909f56bfc062723c751e8b465ee728b)  -> (artifact id: '85778348c174c08b247d63f0feba5cc4') in 0.009394 seconds
Number of updated asset objects reloaded before import = 0
Number of asset objects unloaded after import = 8
========================================================================
Received Import Request.
  Time since last request: 0.000012 seconds.
  path: Assets/Polygonal Particles/Assets/Prefabs/Hit Particles/HitTree_HighPerformance.prefab
  artifactKey: Guid(f73afd53ee73a4040bf224699b896846) Importer(815301076,1909f56bfc062723c751e8b465ee728b)
Start importing Assets/Polygonal Particles/Assets/Prefabs/Hit Particles/HitTree_HighPerformance.prefab using Guid(f73afd53ee73a4040bf224699b896846) Importer(815301076,1909f56bfc062723c751e8b465ee728b)  -> (artifact id: '2ed93131489b6383899da10a3f114011') in 0.008415 seconds
Number of updated asset objects reloaded before import = 0
Number of asset objects unloaded after import = 8
========================================================================
Received Import Request.
  Time since last request: 0.005671 seconds.
  path: Assets/Polygonal Particles/Assets/Prefabs/Environment/Leaves.prefab
  artifactKey: Guid(3d42bbbe9fe446f41aa669ee01abd12d) Importer(815301076,1909f56bfc062723c751e8b465ee728b)
Start importing Assets/Polygonal Particles/Assets/Prefabs/Environment/Leaves.prefab using Guid(3d42bbbe9fe446f41aa669ee01abd12d) Importer(815301076,1909f56bfc062723c751e8b465ee728b)  -> (artifact id: '48f2ef48b386ac21365790668b0e635c') in 0.009306 seconds
Number of updated asset objects reloaded before import = 0
Number of asset objects unloaded after import = 8
========================================================================
Received Import Request.
  Time since last request: 0.000010 seconds.
  path: Assets/Polygonal Particles/Assets/Prefabs/Environment/Leaves_Mobile.prefab
  artifactKey: Guid(fcf203480d715984daee5233c9dadae7) Importer(815301076,1909f56bfc062723c751e8b465ee728b)
Start importing Assets/Polygonal Particles/Assets/Prefabs/Environment/Leaves_Mobile.prefab using Guid(fcf203480d715984daee5233c9dadae7) Importer(815301076,1909f56bfc062723c751e8b465ee728b)  -> (artifact id: '1f271ae5e43bd45f8995fe82edca1546') in 0.009655 seconds
Number of updated asset objects reloaded before import = 0
Number of asset objects unloaded after import = 8
========================================================================
Received Import Request.
  Time since last request: 1761.547486 seconds.
  path: Assets/nappin/Weapon Props Softpack/Prefabs/(Prb)WaterGun.prefab
  artifactKey: Guid(aa72c3fe73cce624b9d57e35e4260aae) Importer(815301076,1909f56bfc062723c751e8b465ee728b)
Start importing Assets/nappin/Weapon Props Softpack/Prefabs/(Prb)WaterGun.prefab using Guid(aa72c3fe73cce624b9d57e35e4260aae) Importer(815301076,1909f56bfc062723c751e8b465ee728b)  -> (artifact id: '7e138ca4fe4f3d2f6ae5563f2b5dff79') in 0.027646 seconds
Number of updated asset objects reloaded before import = 0
Number of asset objects unloaded after import = 38
========================================================================
Received Import Request.
  Time since last request: 3816.122650 seconds.
  path: Assets/IWeapon.cs
  artifactKey: Guid(0e9739df25ecc7542aa6922a1b9c34e7) Importer(815301076,1909f56bfc062723c751e8b465ee728b)
Start importing Assets/IWeapon.cs using Guid(0e9739df25ecc7542aa6922a1b9c34e7) Importer(815301076,1909f56bfc062723c751e8b465ee728b)  -> (artifact id: '00ddc7f5ab993b338f01f9de325ec357') in 0.001336 seconds
Number of updated asset objects reloaded before import = 0
Number of asset objects unloaded after import = 0
========================================================================
Received Import Request.
  Time since last request: 396.459017 seconds.
  path: Assets/IWeapon.cs
  artifactKey: Guid(0e9739df25ecc7542aa6922a1b9c34e7) Importer(815301076,1909f56bfc062723c751e8b465ee728b)
Start importing Assets/IWeapon.cs using Guid(0e9739df25ecc7542aa6922a1b9c34e7) Importer(815301076,1909f56bfc062723c751e8b465ee728b)  -> (artifact id: '4188eb659858d15d435ef5fccc7e2195') in 0.000615 seconds
Number of updated asset objects reloaded before import = 0
Number of asset objects unloaded after import = 0
========================================================================
Received Prepare
Begin MonoManager ReloadAssembly
- Loaded All Assemblies, in  0.520 seconds
Refreshing native plugins compatible for Editor in 4.34 ms, found 3 plugins.
Native extension for WindowsStandalone target not found
Native extension for WebGL target not found
[Package Manager] Server::EnsureServerProcessIsRunning -- launch failed, reason: Unity was launched with the -noUpm command-line argument
[Package Manager] UpmClient::Send -- Unable to send message (not connected to UPM process).
[Package Manager] Cannot connect to Unity Package Manager local server
Mono: successfully reloaded assembly
- Finished resetting the current domain, in  1.033 seconds
Domain Reload Profiling: 1548ms
	BeginReloadAssembly (197ms)
		ExecutionOrderSort (0ms)
		DisableScriptedObjects (7ms)
		BackupInstance (0ms)
		ReleaseScriptingObjects (0ms)
		CreateAndSetChildDomain (53ms)
	RebuildCommonClasses (30ms)
	RebuildNativeTypeToScriptingClass (15ms)
	initialDomainReloadingComplete (37ms)
	LoadAllAssembliesAndSetupDomain (236ms)
		LoadAssemblies (311ms)
		RebuildTransferFunctionScriptingTraits (0ms)
		AnalyzeDomain (26ms)
			TypeCache.Refresh (11ms)
				TypeCache.ScanAssembly (0ms)
			ScanForSourceGeneratedMonoScriptInfo (8ms)
			ResolveRequiredComponents (6ms)
	FinalizeReload (1034ms)
		ReleaseScriptCaches (0ms)
		RebuildScriptCaches (0ms)
		SetupLoadedEditorAssemblies (425ms)
			LogAssemblyErrors (0ms)
			InitializePlatformSupportModulesInManaged (9ms)
			SetLoadedEditorAssemblies (3ms)
			RefreshPlugins (0ms)
			BeforeProcessingInitializeOnLoad (64ms)
			ProcessInitializeOnLoadAttributes (321ms)
			ProcessInitializeOnLoadMethodAttributes (16ms)
			AfterProcessingInitializeOnLoad (11ms)
			EditorAssembliesLoaded (0ms)
		ExecutionOrderSort2 (0ms)
		AwakeInstancesAfterBackupRestoration (6ms)
Refreshing native plugins compatible for Editor in 4.80 ms, found 3 plugins.
Preloading 0 native plugins for Editor in 0.00 ms.
Unloading 3156 Unused Serialized files (Serialized files now loaded: 0)
Unloading 23 unused Assets / (31.2 KB). Loaded Objects now: 3694.
Memory consumption went from 131.3 MB to 131.3 MB.
Total: 3.480500 ms (FindLiveObjects: 0.218100 ms CreateObjectMapping: 0.083200 ms MarkObjects: 3.131300 ms  DeleteObjects: 0.047300 ms)

Prepare: number of updated asset objects reloaded= 0
AssetImportParameters requested are different than current active one (requested -> active):
  custom:container-demuxer-ogg: 62fdf1f143b41e24485cea50d1cbac27 -> 
  custom:video-decoder-ogg-theora: a1e56fd34408186e4bbccfd4996cb3dc -> 
  custom:framework-win-MediaFoundation: 216162199b28c13a410421893ffa2e32 -> 
  custom:CustomObjectIndexerAttribute: 6d391050e5a25f67b0a2c618074f2cd9 -> 
  custom:container-demuxer-webm: 4f35f7cbe854078d1ac9338744f61a02 -> 
  custom:container-muxer-webm: aa71ff27fc2769a1b78a27578f13a17b -> 
  custom:video-decoder-webm-vp8: 9c59270c3fd7afecdb556c50c9e8de78 -> 
  custom:SearchIndexIgnoredProperties: e643bd26f0fe6173181afceb89e7c659 -> 
  custom:AudioImporter_EditorPlatform: d09bf68614088b80899f8185d706f6e7 -> 
  custom:video-encoder-webm-vp8: eb34c28f22e8b96e1ab97ce403110664 -> 
  custom:audio-decoder-ogg-vorbis: bf7c407c2cedff20999df2af8eb42d56 -> 
  custom:audio-encoder-webm-vorbis: bf7c407c2cedff20999df2af8eb42d56 -> 
========================================================================
Received Import Request.
  Time since last request: 34.678448 seconds.
  path: Assets/IWeapon.cs
  artifactKey: Guid(0e9739df25ecc7542aa6922a1b9c34e7) Importer(815301076,1909f56bfc062723c751e8b465ee728b)
Start importing Assets/IWeapon.cs using Guid(0e9739df25ecc7542aa6922a1b9c34e7) Importer(815301076,1909f56bfc062723c751e8b465ee728b)  -> (artifact id: 'f3d02d7b8db25cd552d99fedee09ebff') in 0.005602 seconds
Number of updated asset objects reloaded before import = 0
Number of asset objects unloaded after import = 0
========================================================================
Received Prepare
Begin MonoManager ReloadAssembly
- Loaded All Assemblies, in  0.418 seconds
Refreshing native plugins compatible for Editor in 4.19 ms, found 3 plugins.
Native extension for WindowsStandalone target not found
Native extension for WebGL target not found
[Package Manager] Server::EnsureServerProcessIsRunning -- launch failed, reason: Unity was launched with the -noUpm command-line argument
[Package Manager] UpmClient::Send -- Unable to send message (not connected to UPM process).
[Package Manager] Cannot connect to Unity Package Manager local server
Mono: successfully reloaded assembly
- Finished resetting the current domain, in  1.028 seconds
Domain Reload Profiling: 1441ms
	BeginReloadAssembly (150ms)
		ExecutionOrderSort (0ms)
		DisableScriptedObjects (4ms)
		BackupInstance (0ms)
		ReleaseScriptingObjects (0ms)
		CreateAndSetChildDomain (28ms)
	RebuildCommonClasses (28ms)
	RebuildNativeTypeToScriptingClass (10ms)
	initialDomainReloadingComplete (31ms)
	LoadAllAssembliesAndSetupDomain (195ms)
		LoadAssemblies (273ms)
		RebuildTransferFunctionScriptingTraits (0ms)
		AnalyzeDomain (10ms)
			TypeCache.Refresh (5ms)
				TypeCache.ScanAssembly (0ms)
			ScanForSourceGeneratedMonoScriptInfo (0ms)
			ResolveRequiredComponents (4ms)
	FinalizeReload (1028ms)
		ReleaseScriptCaches (0ms)
		RebuildScriptCaches (0ms)
		SetupLoadedEditorAssemblies (455ms)
			LogAssemblyErrors (0ms)
			InitializePlatformSupportModulesInManaged (9ms)
			SetLoadedEditorAssemblies (4ms)
			RefreshPlugins (0ms)
			BeforeProcessingInitializeOnLoad (74ms)
			ProcessInitializeOnLoadAttributes (337ms)
			ProcessInitializeOnLoadMethodAttributes (19ms)
			AfterProcessingInitializeOnLoad (12ms)
			EditorAssembliesLoaded (0ms)
		ExecutionOrderSort2 (0ms)
		AwakeInstancesAfterBackupRestoration (7ms)
Refreshing native plugins compatible for Editor in 4.65 ms, found 3 plugins.
Preloading 0 native plugins for Editor in 0.00 ms.
Unloading 3156 Unused Serialized files (Serialized files now loaded: 0)
Unloading 23 unused Assets / (31.2 KB). Loaded Objects now: 3697.
Memory consumption went from 133.3 MB to 133.2 MB.
Total: 2.595800 ms (FindLiveObjects: 0.314200 ms CreateObjectMapping: 0.101200 ms MarkObjects: 2.143200 ms  DeleteObjects: 0.036500 ms)

Prepare: number of updated asset objects reloaded= 0
AssetImportParameters requested are different than current active one (requested -> active):
  custom:container-demuxer-ogg: 62fdf1f143b41e24485cea50d1cbac27 -> 
  custom:video-decoder-ogg-theora: a1e56fd34408186e4bbccfd4996cb3dc -> 
  custom:framework-win-MediaFoundation: 216162199b28c13a410421893ffa2e32 -> 
  custom:CustomObjectIndexerAttribute: 6d391050e5a25f67b0a2c618074f2cd9 -> 
  custom:container-demuxer-webm: 4f35f7cbe854078d1ac9338744f61a02 -> 
  custom:container-muxer-webm: aa71ff27fc2769a1b78a27578f13a17b -> 
  custom:video-decoder-webm-vp8: 9c59270c3fd7afecdb556c50c9e8de78 -> 
  custom:SearchIndexIgnoredProperties: e643bd26f0fe6173181afceb89e7c659 -> 
  custom:AudioImporter_EditorPlatform: d09bf68614088b80899f8185d706f6e7 -> 
  custom:video-encoder-webm-vp8: eb34c28f22e8b96e1ab97ce403110664 -> 
  custom:audio-decoder-ogg-vorbis: bf7c407c2cedff20999df2af8eb42d56 -> 
  custom:audio-encoder-webm-vorbis: bf7c407c2cedff20999df2af8eb42d56 -> 
========================================================================
Received Prepare
Begin MonoManager ReloadAssembly
- Loaded All Assemblies, in  0.432 seconds
Refreshing native plugins compatible for Editor in 4.82 ms, found 3 plugins.
Native extension for WindowsStandalone target not found
Native extension for WebGL target not found
[Package Manager] Server::EnsureServerProcessIsRunning -- launch failed, reason: Unity was launched with the -noUpm command-line argument
[Package Manager] UpmClient::Send -- Unable to send message (not connected to UPM process).
[Package Manager] Cannot connect to Unity Package Manager local server
Mono: successfully reloaded assembly
- Finished resetting the current domain, in  0.989 seconds
Domain Reload Profiling: 1416ms
	BeginReloadAssembly (153ms)
		ExecutionOrderSort (0ms)
		DisableScriptedObjects (4ms)
		BackupInstance (0ms)
		ReleaseScriptingObjects (0ms)
		CreateAndSetChildDomain (29ms)
	RebuildCommonClasses (34ms)
	RebuildNativeTypeToScriptingClass (10ms)
	initialDomainReloadingComplete (32ms)
	LoadAllAssembliesAndSetupDomain (198ms)
		LoadAssemblies (277ms)
		RebuildTransferFunctionScriptingTraits (0ms)
		AnalyzeDomain (9ms)
			TypeCache.Refresh (4ms)
				TypeCache.ScanAssembly (0ms)
			ScanForSourceGeneratedMonoScriptInfo (0ms)
			ResolveRequiredComponents (4ms)
	FinalizeReload (990ms)
		ReleaseScriptCaches (0ms)
		RebuildScriptCaches (0ms)
		SetupLoadedEditorAssemblies (452ms)
			LogAssemblyErrors (0ms)
			InitializePlatformSupportModulesInManaged (10ms)
			SetLoadedEditorAssemblies (4ms)
			RefreshPlugins (0ms)
			BeforeProcessingInitializeOnLoad (69ms)
			ProcessInitializeOnLoadAttributes (339ms)
			ProcessInitializeOnLoadMethodAttributes (18ms)
			AfterProcessingInitializeOnLoad (13ms)
			EditorAssembliesLoaded (0ms)
		ExecutionOrderSort2 (0ms)
		AwakeInstancesAfterBackupRestoration (7ms)
Refreshing native plugins compatible for Editor in 4.59 ms, found 3 plugins.
Preloading 0 native plugins for Editor in 0.00 ms.
Unloading 3157 Unused Serialized files (Serialized files now loaded: 0)
Unloading 23 unused Assets / (31.2 KB). Loaded Objects now: 3700.
Memory consumption went from 135.5 MB to 135.4 MB.
Total: 2.560700 ms (FindLiveObjects: 0.183500 ms CreateObjectMapping: 0.093000 ms MarkObjects: 2.244600 ms  DeleteObjects: 0.039100 ms)

Prepare: number of updated asset objects reloaded= 0
AssetImportParameters requested are different than current active one (requested -> active):
  custom:container-demuxer-ogg: 62fdf1f143b41e24485cea50d1cbac27 -> 
  custom:video-decoder-ogg-theora: a1e56fd34408186e4bbccfd4996cb3dc -> 
  custom:framework-win-MediaFoundation: 216162199b28c13a410421893ffa2e32 -> 
  custom:CustomObjectIndexerAttribute: 6d391050e5a25f67b0a2c618074f2cd9 -> 
  custom:container-demuxer-webm: 4f35f7cbe854078d1ac9338744f61a02 -> 
  custom:container-muxer-webm: aa71ff27fc2769a1b78a27578f13a17b -> 
  custom:video-decoder-webm-vp8: 9c59270c3fd7afecdb556c50c9e8de78 -> 
  custom:SearchIndexIgnoredProperties: e643bd26f0fe6173181afceb89e7c659 -> 
  custom:AudioImporter_EditorPlatform: d09bf68614088b80899f8185d706f6e7 -> 
  custom:video-encoder-webm-vp8: eb34c28f22e8b96e1ab97ce403110664 -> 
  custom:audio-decoder-ogg-vorbis: bf7c407c2cedff20999df2af8eb42d56 -> 
  custom:audio-encoder-webm-vorbis: bf7c407c2cedff20999df2af8eb42d56 -> 
========================================================================
Received Import Request.
  Time since last request: 215.823653 seconds.
  path: Assets/Polygonal Particles/Assets/Materials
  artifactKey: Guid(a82e4d1cd77f818459568839200dad5f) Importer(815301076,1909f56bfc062723c751e8b465ee728b)
Start importing Assets/Polygonal Particles/Assets/Materials using Guid(a82e4d1cd77f818459568839200dad5f) Importer(815301076,1909f56bfc062723c751e8b465ee728b)  -> (artifact id: '3c8f62ab458c8757ce8c654b801c3b64') in 0.003363 seconds
Number of updated asset objects reloaded before import = 0
Number of asset objects unloaded after import = 0
========================================================================
Received Import Request.
  Time since last request: 0.103078 seconds.
  path: Assets/Polygonal Particles/Assets/Materials/Blizzard.mat
  artifactKey: Guid(383cd2d2b30a9f14fa4f4c0a77f37e14) Importer(815301076,1909f56bfc062723c751e8b465ee728b)
Start importing Assets/Polygonal Particles/Assets/Materials/Blizzard.mat using Guid(383cd2d2b30a9f14fa4f4c0a77f37e14) Importer(815301076,1909f56bfc062723c751e8b465ee728b)  -> (artifact id: '0688b947fcd8fc60b02660b0cfd97d8c') in 0.059839 seconds
Number of updated asset objects reloaded before import = 0
Number of asset objects unloaded after import = 1
========================================================================
Received Import Request.
  Time since last request: 0.000021 seconds.
  path: Assets/Polygonal Particles/Assets/Materials/Blood.mat
  artifactKey: Guid(b39e4954c6274084b80453f69cef33d9) Importer(815301076,1909f56bfc062723c751e8b465ee728b)
Start importing Assets/Polygonal Particles/Assets/Materials/Blood.mat using Guid(b39e4954c6274084b80453f69cef33d9) Importer(815301076,1909f56bfc062723c751e8b465ee728b)  -> (artifact id: '29ce746c4df988f10574f25e677b2bcb') in 0.010451 seconds
Number of updated asset objects reloaded before import = 0
Number of asset objects unloaded after import = 1
========================================================================
Received Import Request.
  Time since last request: 0.000023 seconds.
  path: Assets/Polygonal Particles/Assets/Materials/FirefliesMobile.mat
  artifactKey: Guid(23d6b4bc043615642b2b59ba20ef9bfb) Importer(815301076,1909f56bfc062723c751e8b465ee728b)
Start importing Assets/Polygonal Particles/Assets/Materials/FirefliesMobile.mat using Guid(23d6b4bc043615642b2b59ba20ef9bfb) Importer(815301076,1909f56bfc062723c751e8b465ee728b)  -> (artifact id: '4db15e07981cc90de4c0f1fcb116cfb1') in 0.009408 seconds
Number of updated asset objects reloaded before import = 0
Number of asset objects unloaded after import = 1
========================================================================
Received Import Request.
  Time since last request: 0.000012 seconds.
  path: Assets/Polygonal Particles/Assets/Materials/JetExhaust.mat
  artifactKey: Guid(00bedbb82a4cb1847a3dc8ce935f1358) Importer(815301076,1909f56bfc062723c751e8b465ee728b)
Start importing Assets/Polygonal Particles/Assets/Materials/JetExhaust.mat using Guid(00bedbb82a4cb1847a3dc8ce935f1358) Importer(815301076,1909f56bfc062723c751e8b465ee728b)  -> (artifact id: 'ec127a03040ae947e352e58f9e494355') in 0.005435 seconds
Number of updated asset objects reloaded before import = 0
Number of asset objects unloaded after import = 1
========================================================================
Received Import Request.
  Time since last request: 0.000012 seconds.
  path: Assets/Polygonal Particles/Assets/Materials/FireMobile.mat
  artifactKey: Guid(e30f5fe147a1fb841a90a3e5dbb03902) Importer(815301076,1909f56bfc062723c751e8b465ee728b)
Start importing Assets/Polygonal Particles/Assets/Materials/FireMobile.mat using Guid(e30f5fe147a1fb841a90a3e5dbb03902) Importer(815301076,1909f56bfc062723c751e8b465ee728b)  -> (artifact id: '6c909f421f8a6fb020e91d911e1739eb') in 0.004945 seconds
Number of updated asset objects reloaded before import = 0
Number of asset objects unloaded after import = 1
========================================================================
Received Import Request.
  Time since last request: 0.000010 seconds.
  path: Assets/Polygonal Particles/Assets/Materials/Explosion.mat
  artifactKey: Guid(1a754ee911c021f408022516e8bd4d01) Importer(815301076,1909f56bfc062723c751e8b465ee728b)
Start importing Assets/Polygonal Particles/Assets/Materials/Explosion.mat using Guid(1a754ee911c021f408022516e8bd4d01) Importer(815301076,1909f56bfc062723c751e8b465ee728b)  -> (artifact id: '5de857da215983fdad641fabec1c7465') in 0.004905 seconds
Number of updated asset objects reloaded before import = 0
Number of asset objects unloaded after import = 1
========================================================================
Received Import Request.
  Time since last request: 0.000010 seconds.
  path: Assets/Polygonal Particles/Assets/Materials/DustMobile.mat
  artifactKey: Guid(cce1e234c87d372488bb96a013c93fa8) Importer(815301076,1909f56bfc062723c751e8b465ee728b)
Start importing Assets/Polygonal Particles/Assets/Materials/DustMobile.mat using Guid(cce1e234c87d372488bb96a013c93fa8) Importer(815301076,1909f56bfc062723c751e8b465ee728b)  -> (artifact id: 'fa4a12ab0ef8d0ed958a303cf16ad38b') in 0.004887 seconds
Number of updated asset objects reloaded before import = 0
Number of asset objects unloaded after import = 1
========================================================================
Received Import Request.
  Time since last request: 0.000011 seconds.
  path: Assets/Polygonal Particles/Assets/Materials/Fire.mat
  artifactKey: Guid(0adccdc2a4b32954b8aed3fb0d07d3e7) Importer(815301076,1909f56bfc062723c751e8b465ee728b)
Start importing Assets/Polygonal Particles/Assets/Materials/Fire.mat using Guid(0adccdc2a4b32954b8aed3fb0d07d3e7) Importer(815301076,1909f56bfc062723c751e8b465ee728b)  -> (artifact id: '8667b2c0b39a8b84f39c1b61de8063e5') in 0.007011 seconds
Number of updated asset objects reloaded before import = 0
Number of asset objects unloaded after import = 1
========================================================================
Received Import Request.
  Time since last request: 0.000009 seconds.
  path: Assets/Polygonal Particles/Assets/Materials/BloodMobile.mat
  artifactKey: Guid(b2ffa08da972da443bd00a6922421ea8) Importer(815301076,1909f56bfc062723c751e8b465ee728b)
Start importing Assets/Polygonal Particles/Assets/Materials/BloodMobile.mat using Guid(b2ffa08da972da443bd00a6922421ea8) Importer(815301076,1909f56bfc062723c751e8b465ee728b)  -> (artifact id: 'a3421391e5e5ac5a2b544f4d28c0d81a') in 0.005583 seconds
Number of updated asset objects reloaded before import = 0
Number of asset objects unloaded after import = 1
========================================================================
Received Import Request.
  Time since last request: 0.000008 seconds.
  path: Assets/Polygonal Particles/Assets/Materials/Fireflies.mat
  artifactKey: Guid(2e7143b4290d8d1469ee03e7e0b14eb4) Importer(815301076,1909f56bfc062723c751e8b465ee728b)
Start importing Assets/Polygonal Particles/Assets/Materials/Fireflies.mat using Guid(2e7143b4290d8d1469ee03e7e0b14eb4) Importer(815301076,1909f56bfc062723c751e8b465ee728b)  -> (artifact id: 'd4a3b28fa658f44574d446bd17ed3d40') in 0.009851 seconds
Number of updated asset objects reloaded before import = 0
Number of asset objects unloaded after import = 1
========================================================================
Received Import Request.
  Time since last request: 6.206810 seconds.
  path: Assets/Polygonal Particles/Assets/Meshes
  artifactKey: Guid(22cfe39f58ca9324fb1b9258e0a58bf7) Importer(815301076,1909f56bfc062723c751e8b465ee728b)
Start importing Assets/Polygonal Particles/Assets/Meshes using Guid(22cfe39f58ca9324fb1b9258e0a58bf7) Importer(815301076,1909f56bfc062723c751e8b465ee728b)  -> (artifact id: '670a8d6380e42454a9a7c79e347f5fd1') in 0.000449 seconds
Number of updated asset objects reloaded before import = 0
Number of asset objects unloaded after import = 0
========================================================================
Received Import Request.
  Time since last request: 0.107134 seconds.
  path: Assets/Polygonal Particles/Assets/Meshes/Firefly.fbx
  artifactKey: Guid(e883ef4c05022fa419f9d92e04d9aaca) Importer(815301076,1909f56bfc062723c751e8b465ee728b)
Start importing Assets/Polygonal Particles/Assets/Meshes/Firefly.fbx using Guid(e883ef4c05022fa419f9d92e04d9aaca) Importer(815301076,1909f56bfc062723c751e8b465ee728b)  -> (artifact id: '48f1035690f285f2bba0b93207e6548b') in 0.048641 seconds
Number of updated asset objects reloaded before import = 0
Number of asset objects unloaded after import = 16
========================================================================
Received Import Request.
  Time since last request: 1.077607 seconds.
  path: Assets/Polygonal Particles/Assets/Meshes/Materials
  artifactKey: Guid(e795b4bfc1044cc43b6dbca1f27544f4) Importer(815301076,1909f56bfc062723c751e8b465ee728b)
Start importing Assets/Polygonal Particles/Assets/Meshes/Materials using Guid(e795b4bfc1044cc43b6dbca1f27544f4) Importer(815301076,1909f56bfc062723c751e8b465ee728b)  -> (artifact id: 'e7d2d6b1d89bb17afbea77c23bc60993') in 0.000473 seconds
Number of updated asset objects reloaded before import = 0
Number of asset objects unloaded after import = 0
========================================================================
Received Import Request.
  Time since last request: 1.005778 seconds.
  path: Assets/Polygonal Particles/Assets/Meshes/Materials/Firefly.mat
  artifactKey: Guid(71a76ea5373206446a1bf2bd8f71879c) Importer(815301076,1909f56bfc062723c751e8b465ee728b)
Start importing Assets/Polygonal Particles/Assets/Meshes/Materials/Firefly.mat using Guid(71a76ea5373206446a1bf2bd8f71879c) Importer(815301076,1909f56bfc062723c751e8b465ee728b)  -> (artifact id: 'f3acc432d14139d57cfad3421a0ac6b5') in 0.013159 seconds
Number of updated asset objects reloaded before import = 0
Number of asset objects unloaded after import = 1
========================================================================
Received Import Request.
  Time since last request: 4.666929 seconds.
  path: Assets/Polygonal Particles/Assets/Prefabs/Water
  artifactKey: Guid(aac22420325a0ec48accbecdce860c0c) Importer(815301076,1909f56bfc062723c751e8b465ee728b)
Start importing Assets/Polygonal Particles/Assets/Prefabs/Water using Guid(aac22420325a0ec48accbecdce860c0c) Importer(815301076,1909f56bfc062723c751e8b465ee728b)  -> (artifact id: '0361d04f5198e1aee6d40ecaaff47add') in 0.000445 seconds
Number of updated asset objects reloaded before import = 0
Number of asset objects unloaded after import = 0
========================================================================
Received Import Request.
  Time since last request: 0.078500 seconds.
  path: Assets/Polygonal Particles/Assets/Prefabs/Water/Rain01.prefab
  artifactKey: Guid(9a71a833102626b47bcb1a9a15a913dc) Importer(815301076,1909f56bfc062723c751e8b465ee728b)
Start importing Assets/Polygonal Particles/Assets/Prefabs/Water/Rain01.prefab using Guid(9a71a833102626b47bcb1a9a15a913dc) Importer(815301076,1909f56bfc062723c751e8b465ee728b)  -> (artifact id: '1a06c2fb646c89d3cc260183cc4b5e79') in 0.015265 seconds
Number of updated asset objects reloaded before import = 0
Number of asset objects unloaded after import = 8
========================================================================
Received Import Request.
  Time since last request: 0.000011 seconds.
  path: Assets/Polygonal Particles/Assets/Prefabs/Water/Splash_Mobile.prefab
  artifactKey: Guid(bc5d4e2faa655634ca1c822759f777d4) Importer(815301076,1909f56bfc062723c751e8b465ee728b)
Start importing Assets/Polygonal Particles/Assets/Prefabs/Water/Splash_Mobile.prefab using Guid(bc5d4e2faa655634ca1c822759f777d4) Importer(815301076,1909f56bfc062723c751e8b465ee728b)  -> (artifact id: 'ffa482363ba7888a3aaf5a4f8f68f2f3') in 0.009579 seconds
Number of updated asset objects reloaded before import = 0
Number of asset objects unloaded after import = 12
========================================================================
Received Import Request.
  Time since last request: 0.000012 seconds.
  path: Assets/Polygonal Particles/Assets/Prefabs/Water/Rain02_Mobile.prefab
  artifactKey: Guid(431a44e889220af4e8af803d881b43d8) Importer(815301076,1909f56bfc062723c751e8b465ee728b)
Start importing Assets/Polygonal Particles/Assets/Prefabs/Water/Rain02_Mobile.prefab using Guid(431a44e889220af4e8af803d881b43d8) Importer(815301076,1909f56bfc062723c751e8b465ee728b)  -> (artifact id: '4836214bafb8d1986ae8316948a429b2') in 0.011561 seconds
Number of updated asset objects reloaded before import = 0
Number of asset objects unloaded after import = 8
========================================================================
Received Import Request.
  Time since last request: 0.000010 seconds.
  path: Assets/Polygonal Particles/Assets/Prefabs/Water/Snow02_HighPerformance.prefab
  artifactKey: Guid(9b3a0178f794f094d8c2b51af1af39e9) Importer(815301076,1909f56bfc062723c751e8b465ee728b)
Start importing Assets/Polygonal Particles/Assets/Prefabs/Water/Snow02_HighPerformance.prefab using Guid(9b3a0178f794f094d8c2b51af1af39e9) Importer(815301076,1909f56bfc062723c751e8b465ee728b)  -> (artifact id: '85a6a67ba145caf221f5768152e9103c') in 0.010943 seconds
Number of updated asset objects reloaded before import = 0
Number of asset objects unloaded after import = 8
========================================================================
Received Import Request.
  Time since last request: 0.000013 seconds.
  path: Assets/Polygonal Particles/Assets/Prefabs/Water/Snow02.prefab
  artifactKey: Guid(f7015adae50421e4881be223173408f9) Importer(815301076,1909f56bfc062723c751e8b465ee728b)
Start importing Assets/Polygonal Particles/Assets/Prefabs/Water/Snow02.prefab using Guid(f7015adae50421e4881be223173408f9) Importer(815301076,1909f56bfc062723c751e8b465ee728b)  -> (artifact id: '04998178a10ee9536dfa5acaf8eea3a5') in 0.009274 seconds
Number of updated asset objects reloaded before import = 0
Number of asset objects unloaded after import = 8
========================================================================
Received Import Request.
  Time since last request: 0.000010 seconds.
  path: Assets/Polygonal Particles/Assets/Prefabs/Water/Splash.prefab
  artifactKey: Guid(172998df67304734aaab369580dd9b98) Importer(815301076,1909f56bfc062723c751e8b465ee728b)
Start importing Assets/Polygonal Particles/Assets/Prefabs/Water/Splash.prefab using Guid(172998df67304734aaab369580dd9b98) Importer(815301076,1909f56bfc062723c751e8b465ee728b)  -> (artifact id: '8284c54a2334d47f0a6688d974188747') in 0.011105 seconds
Number of updated asset objects reloaded before import = 0
Number of asset objects unloaded after import = 12
========================================================================
Received Import Request.
  Time since last request: 0.000010 seconds.
  path: Assets/Polygonal Particles/Assets/Prefabs/Water/Splash_HighPerformance.prefab
  artifactKey: Guid(bc1e15d192759d849ab64a8ef7a1a2d8) Importer(815301076,1909f56bfc062723c751e8b465ee728b)
Start importing Assets/Polygonal Particles/Assets/Prefabs/Water/Splash_HighPerformance.prefab using Guid(bc1e15d192759d849ab64a8ef7a1a2d8) Importer(815301076,1909f56bfc062723c751e8b465ee728b)  -> (artifact id: '55ae86b70e5da8ca6d7048b5e7430ea6') in 0.009772 seconds
Number of updated asset objects reloaded before import = 0
Number of asset objects unloaded after import = 12
Editor requested this worker to shutdown with reason: Scaling down because of idle timeout
TcpMessagingSession - receive error: operation aborted. errorcode: 995, details: The I/O operation has been aborted because of either a thread exit or an application request.
AssetImportWorker is now disconnected from the server
Process exiting
Exiting without the bug reporter. Application will terminate with return code 0