Using pre-set license
Built from '2022.3/release' branch; Version is '2022.3.20f1 (61c2feb0970d) revision 6406910'; Using compiler version '192829333'; Build Type 'Release'
OS: 'Windows 10  (10.0.19045) 64bit Professional' Language: 'en' Physical Memory: 32688 MB
BatchMode: 1, IsHumanControllingUs: 0, StartBugReporterOnCrash: 0, Is64bit: 1, IsPro: 1

COMMAND LINE ARGUMENTS:
C:\Program Files\Unity\Hub\Editor\2022.3.20f1\Editor\Unity.exe
-adb2
-batchMode
-noUpm
-name
AssetImportWorker5
-projectPath
C:/Users/User/Documents/GitHub/3D/Heat-N-Run-3D
-logFile
Logs/AssetImportWorker5.log
-srvPort
54594
Successfully changed project path to: C:/Users/User/Documents/GitHub/3D/Heat-N-Run-3D
C:/Users/User/Documents/GitHub/3D/Heat-N-Run-3D
[UnityMemory] Configuration Parameters - Can be set up in boot.config
    "memorysetup-bucket-allocator-granularity=16"
    "memorysetup-bucket-allocator-bucket-count=8"
    "memorysetup-bucket-allocator-block-size=33554432"
    "memorysetup-bucket-allocator-block-count=8"
    "memorysetup-main-allocator-block-size=16777216"
    "memorysetup-thread-allocator-block-size=16777216"
    "memorysetup-gfx-main-allocator-block-size=16777216"
    "memorysetup-gfx-thread-allocator-block-size=16777216"
    "memorysetup-cache-allocator-block-size=4194304"
    "memorysetup-typetree-allocator-block-size=2097152"
    "memorysetup-profiler-bucket-allocator-granularity=16"
    "memorysetup-profiler-bucket-allocator-bucket-count=8"
    "memorysetup-profiler-bucket-allocator-block-size=33554432"
    "memorysetup-profiler-bucket-allocator-block-count=8"
    "memorysetup-profiler-allocator-block-size=16777216"
    "memorysetup-profiler-editor-allocator-block-size=1048576"
    "memorysetup-temp-allocator-size-main=16777216"
    "memorysetup-job-temp-allocator-block-size=2097152"
    "memorysetup-job-temp-allocator-block-size-background=1048576"
    "memorysetup-job-temp-allocator-reduction-small-platforms=262144"
    "memorysetup-allocator-temp-initial-block-size-main=262144"
    "memorysetup-allocator-temp-initial-block-size-worker=262144"
    "memorysetup-temp-allocator-size-background-worker=32768"
    "memorysetup-temp-allocator-size-job-worker=262144"
    "memorysetup-temp-allocator-size-preload-manager=33554432"
    "memorysetup-temp-allocator-size-nav-mesh-worker=65536"
    "memorysetup-temp-allocator-size-audio-worker=65536"
    "memorysetup-temp-allocator-size-cloud-worker=32768"
    "memorysetup-temp-allocator-size-gi-baking-worker=262144"
    "memorysetup-temp-allocator-size-gfx=262144"
Player connection [33664] Host "[IP] 25.48.24.83 [Port] 0 [Flags] 2 [Guid] 1508889424 [EditorId] 1508889424 [Version] 1048832 [Id] WindowsEditor(7,DESKTOP-7UJ1O0C) [Debug] 1 [PackageName] WindowsEditor [ProjectName] Editor" joined multi-casting on [225.0.0.222:54997]...

Player connection [33664] Host "[IP] 25.48.24.83 [Port] 0 [Flags] 2 [Guid] 1508889424 [EditorId] 1508889424 [Version] 1048832 [Id] WindowsEditor(7,DESKTOP-7UJ1O0C) [Debug] 1 [PackageName] WindowsEditor [ProjectName] Editor" joined alternative multi-casting on [225.0.0.222:34997]...

[Physics::Module] Initialized MultithreadedJobDispatcher with 15 workers.
Refreshing native plugins compatible for Editor in 9.19 ms, found 3 plugins.
Preloading 0 native plugins for Editor in 0.00 ms.
Initialize engine version: 2022.3.20f1 (61c2feb0970d)
[Subsystems] Discovering subsystems at path C:/Program Files/Unity/Hub/Editor/2022.3.20f1/Editor/Data/Resources/UnitySubsystems
[Subsystems] Discovering subsystems at path C:/Users/User/Documents/GitHub/3D/Heat-N-Run-3D/Assets
GfxDevice: creating device client; threaded=0; jobified=0
Direct3D:
    Version:  Direct3D 11.0 [level 11.1]
    Renderer: NVIDIA GeForce RTX 3070 Ti (ID=0x2482)
    Vendor:   NVIDIA
    VRAM:     8018 MB
    Driver:   32.0.15.6603
Initialize mono
Mono path[0] = 'C:/Program Files/Unity/Hub/Editor/2022.3.20f1/Editor/Data/Managed'
Mono path[1] = 'C:/Program Files/Unity/Hub/Editor/2022.3.20f1/Editor/Data/MonoBleedingEdge/lib/mono/unityjit-win32'
Mono config path = 'C:/Program Files/Unity/Hub/Editor/2022.3.20f1/Editor/Data/MonoBleedingEdge/etc'
Using monoOptions --debugger-agent=transport=dt_socket,embedding=1,server=y,suspend=n,address=127.0.0.1:56508
Begin MonoManager ReloadAssembly
Registering precompiled unity dll's ...
Register platform support module: C:/Program Files/Unity/Hub/Editor/2022.3.20f1/Editor/Data/PlaybackEngines/WebGLSupport/UnityEditor.WebGL.Extensions.dll
Register platform support module: C:/Program Files/Unity/Hub/Editor/2022.3.20f1/Editor/Data/PlaybackEngines/WindowsStandaloneSupport/UnityEditor.WindowsStandalone.Extensions.dll
Registered in 0.012243 seconds.
- Loaded All Assemblies, in  0.307 seconds
Native extension for WindowsStandalone target not found
Native extension for WebGL target not found
Mono: successfully reloaded assembly
- Finished resetting the current domain, in  0.229 seconds
Domain Reload Profiling: 533ms
	BeginReloadAssembly (96ms)
		ExecutionOrderSort (0ms)
		DisableScriptedObjects (0ms)
		BackupInstance (0ms)
		ReleaseScriptingObjects (0ms)
		CreateAndSetChildDomain (1ms)
	RebuildCommonClasses (27ms)
	RebuildNativeTypeToScriptingClass (9ms)
	initialDomainReloadingComplete (60ms)
	LoadAllAssembliesAndSetupDomain (111ms)
		LoadAssemblies (94ms)
		RebuildTransferFunctionScriptingTraits (0ms)
		AnalyzeDomain (110ms)
			TypeCache.Refresh (108ms)
				TypeCache.ScanAssembly (98ms)
			ScanForSourceGeneratedMonoScriptInfo (0ms)
			ResolveRequiredComponents (0ms)
	FinalizeReload (229ms)
		ReleaseScriptCaches (0ms)
		RebuildScriptCaches (0ms)
		SetupLoadedEditorAssemblies (182ms)
			LogAssemblyErrors (0ms)
			InitializePlatformSupportModulesInManaged (11ms)
			SetLoadedEditorAssemblies (4ms)
			RefreshPlugins (0ms)
			BeforeProcessingInitializeOnLoad (2ms)
			ProcessInitializeOnLoadAttributes (127ms)
			ProcessInitializeOnLoadMethodAttributes (39ms)
			AfterProcessingInitializeOnLoad (0ms)
			EditorAssembliesLoaded (0ms)
		ExecutionOrderSort2 (0ms)
		AwakeInstancesAfterBackupRestoration (0ms)
========================================================================
Worker process is ready to serve import requests
Begin MonoManager ReloadAssembly
- Loaded All Assemblies, in  0.532 seconds
Refreshing native plugins compatible for Editor in 4.27 ms, found 3 plugins.
Native extension for WindowsStandalone target not found
Native extension for WebGL target not found
Package Manager log level set to [2]
[Package Manager] Server::EnsureServerProcessIsRunning -- launch failed, reason: Unity was launched with the -noUpm command-line argument
[Package Manager] UpmClient::Send -- Unable to send message (not connected to UPM process).
[Package Manager] Cannot connect to Unity Package Manager local server
Mono: successfully reloaded assembly
- Finished resetting the current domain, in  0.535 seconds
Domain Reload Profiling: 1063ms
	BeginReloadAssembly (132ms)
		ExecutionOrderSort (0ms)
		DisableScriptedObjects (5ms)
		BackupInstance (0ms)
		ReleaseScriptingObjects (0ms)
		CreateAndSetChildDomain (18ms)
	RebuildCommonClasses (27ms)
	RebuildNativeTypeToScriptingClass (8ms)
	initialDomainReloadingComplete (40ms)
	LoadAllAssembliesAndSetupDomain (319ms)
		LoadAssemblies (262ms)
		RebuildTransferFunctionScriptingTraits (0ms)
		AnalyzeDomain (136ms)
			TypeCache.Refresh (119ms)
				TypeCache.ScanAssembly (108ms)
			ScanForSourceGeneratedMonoScriptInfo (12ms)
			ResolveRequiredComponents (3ms)
	FinalizeReload (535ms)
		ReleaseScriptCaches (0ms)
		RebuildScriptCaches (0ms)
		SetupLoadedEditorAssemblies (410ms)
			LogAssemblyErrors (0ms)
			InitializePlatformSupportModulesInManaged (8ms)
			SetLoadedEditorAssemblies (3ms)
			RefreshPlugins (0ms)
			BeforeProcessingInitializeOnLoad (61ms)
			ProcessInitializeOnLoadAttributes (311ms)
			ProcessInitializeOnLoadMethodAttributes (16ms)
			AfterProcessingInitializeOnLoad (10ms)
			EditorAssembliesLoaded (0ms)
		ExecutionOrderSort2 (0ms)
		AwakeInstancesAfterBackupRestoration (5ms)
Launched and connected shader compiler UnityShaderCompiler.exe after 0.05 seconds
Refreshing native plugins compatible for Editor in 3.78 ms, found 3 plugins.
Preloading 0 native plugins for Editor in 0.00 ms.
Unloading 3167 Unused Serialized files (Serialized files now loaded: 0)
Unloading 32 unused Assets / (57.0 KB). Loaded Objects now: 3629.
Memory consumption went from 128.2 MB to 128.1 MB.
Total: 2.568300 ms (FindLiveObjects: 0.168500 ms CreateObjectMapping: 0.089300 ms MarkObjects: 2.238100 ms  DeleteObjects: 0.072000 ms)

AssetImportParameters requested are different than current active one (requested -> active):
  custom:container-demuxer-ogg: 62fdf1f143b41e24485cea50d1cbac27 -> 
  custom:video-decoder-ogg-theora: a1e56fd34408186e4bbccfd4996cb3dc -> 
  custom:framework-win-MediaFoundation: 216162199b28c13a410421893ffa2e32 -> 
  custom:scripting/monoscript/fileName/TeleportScript.cs: 10ff574196baec0200caced61f5500b2 -> 0574b3c731484c85352c4601444e99c4
  custom:CustomObjectIndexerAttribute: 6d391050e5a25f67b0a2c618074f2cd9 -> 
  custom:container-demuxer-webm: 4f35f7cbe854078d1ac9338744f61a02 -> 
  custom:container-muxer-webm: aa71ff27fc2769a1b78a27578f13a17b -> 
  custom:video-decoder-webm-vp8: 9c59270c3fd7afecdb556c50c9e8de78 -> 
  custom:SearchIndexIgnoredProperties: e643bd26f0fe6173181afceb89e7c659 -> 
  custom:AudioImporter_EditorPlatform: d09bf68614088b80899f8185d706f6e7 -> 
  custom:video-encoder-webm-vp8: eb34c28f22e8b96e1ab97ce403110664 -> 
  custom:audio-decoder-ogg-vorbis: bf7c407c2cedff20999df2af8eb42d56 -> 
  custom:audio-encoder-webm-vorbis: bf7c407c2cedff20999df2af8eb42d56 -> 
========================================================================
Received Import Request.
  Time since last request: 94165.764036 seconds.
  path: Assets/Dark UI/Prefabs Buttons/Info Button.prefab
  artifactKey: Guid(54438c6f0e116ac4eb3b7f02368e4ccc) Importer(815301076,1909f56bfc062723c751e8b465ee728b)
Start importing Assets/Dark UI/Prefabs Buttons/Info Button.prefab using Guid(54438c6f0e116ac4eb3b7f02368e4ccc) Importer(815301076,1909f56bfc062723c751e8b465ee728b)  -> (artifact id: '8e6241a12b5f15d3fd1a21a61ad5a737') in 0.029136 seconds
Number of updated asset objects reloaded before import = 0
Number of asset objects unloaded after import = 12
========================================================================
Received Import Request.
  Time since last request: 0.428873 seconds.
  path: Assets/Dark UI/New Icons/White Add.png
  artifactKey: Guid(4e3c49dc98f8a444ab28337dac1f094b) Importer(815301076,1909f56bfc062723c751e8b465ee728b)
Start importing Assets/Dark UI/New Icons/White Add.png using Guid(4e3c49dc98f8a444ab28337dac1f094b) Importer(815301076,1909f56bfc062723c751e8b465ee728b)  -> (artifact id: 'cb8b31be6803a2e082a8307c99deb082') in 0.068945 seconds
Number of updated asset objects reloaded before import = 0
Number of asset objects unloaded after import = 3
========================================================================
Received Import Request.
  Time since last request: 0.000011 seconds.
  path: Assets/Dark UI/New Icons/White Axe 3.png
  artifactKey: Guid(e700f7a0eba57f64f93a406ee67dff41) Importer(815301076,1909f56bfc062723c751e8b465ee728b)
Start importing Assets/Dark UI/New Icons/White Axe 3.png using Guid(e700f7a0eba57f64f93a406ee67dff41) Importer(815301076,1909f56bfc062723c751e8b465ee728b)  -> (artifact id: '67229357764d97957ceedab45750e4ac') in 0.020900 seconds
Number of updated asset objects reloaded before import = 0
Number of asset objects unloaded after import = 3
========================================================================
Received Import Request.
  Time since last request: 0.000010 seconds.
  path: Assets/Dark UI/New Icons/White Bag 1.png
  artifactKey: Guid(b36b4b90183aad44992a0f3ba8e36764) Importer(815301076,1909f56bfc062723c751e8b465ee728b)
Start importing Assets/Dark UI/New Icons/White Bag 1.png using Guid(b36b4b90183aad44992a0f3ba8e36764) Importer(815301076,1909f56bfc062723c751e8b465ee728b)  -> (artifact id: '3facd7ad4f9de292e685e907299247dd') in 0.017531 seconds
Number of updated asset objects reloaded before import = 0
Number of asset objects unloaded after import = 3
========================================================================
Received Import Request.
  Time since last request: 0.000010 seconds.
  path: Assets/Dark UI/New Icons/White Arrow.png
  artifactKey: Guid(e20aa8671589f494fb5b1f00ecdc2dd4) Importer(815301076,1909f56bfc062723c751e8b465ee728b)
Start importing Assets/Dark UI/New Icons/White Arrow.png using Guid(e20aa8671589f494fb5b1f00ecdc2dd4) Importer(815301076,1909f56bfc062723c751e8b465ee728b)  -> (artifact id: 'fde637a77132eab4d672b7da245a0713') in 0.018269 seconds
Number of updated asset objects reloaded before import = 0
Number of asset objects unloaded after import = 3
========================================================================
Received Import Request.
  Time since last request: 0.000010 seconds.
  path: Assets/Dark UI/New Icons/White Backward.png
  artifactKey: Guid(b6602d0c6419ec54eab44dbd00d87542) Importer(815301076,1909f56bfc062723c751e8b465ee728b)
Start importing Assets/Dark UI/New Icons/White Backward.png using Guid(b6602d0c6419ec54eab44dbd00d87542) Importer(815301076,1909f56bfc062723c751e8b465ee728b)  -> (artifact id: 'ee3632c96b25defec60d194910a29aff') in 0.020107 seconds
Number of updated asset objects reloaded before import = 0
Number of asset objects unloaded after import = 3
========================================================================
Received Import Request.
  Time since last request: 0.558450 seconds.
  path: Assets/Dark UI/New Icons/White Battery Storage.png
  artifactKey: Guid(213a7b64eaee46e4b89efefe49d383de) Importer(815301076,1909f56bfc062723c751e8b465ee728b)
Start importing Assets/Dark UI/New Icons/White Battery Storage.png using Guid(213a7b64eaee46e4b89efefe49d383de) Importer(815301076,1909f56bfc062723c751e8b465ee728b)  -> (artifact id: 'f321cfd7ec6cde309de75ac3cd927ef7') in 0.022326 seconds
Number of updated asset objects reloaded before import = 0
Number of asset objects unloaded after import = 3
========================================================================
Received Import Request.
  Time since last request: 0.066742 seconds.
  path: Assets/Dark UI/New Icons/White Bluetooth.png
  artifactKey: Guid(5d1ba1b2d4048324d8b53a4e598cd7a7) Importer(815301076,1909f56bfc062723c751e8b465ee728b)
Start importing Assets/Dark UI/New Icons/White Bluetooth.png using Guid(5d1ba1b2d4048324d8b53a4e598cd7a7) Importer(815301076,1909f56bfc062723c751e8b465ee728b)  -> (artifact id: 'fbe1ed56b49c2c7e07438407197568e8') in 0.018881 seconds
Number of updated asset objects reloaded before import = 0
Number of asset objects unloaded after import = 3
========================================================================
Received Import Request.
  Time since last request: 0.000013 seconds.
  path: Assets/Dark UI/New Icons/White Bluetooth Off.png
  artifactKey: Guid(8d73ecea347ed064bb2ba28baf2fa124) Importer(815301076,1909f56bfc062723c751e8b465ee728b)
Start importing Assets/Dark UI/New Icons/White Bluetooth Off.png using Guid(8d73ecea347ed064bb2ba28baf2fa124) Importer(815301076,1909f56bfc062723c751e8b465ee728b)  -> (artifact id: '938f77e973b6b085b6914130c80244c6') in 0.018556 seconds
Number of updated asset objects reloaded before import = 0
Number of asset objects unloaded after import = 3
========================================================================
Received Import Request.
  Time since last request: 0.010098 seconds.
  path: Assets/Dark UI/New Icons/White Books.png
  artifactKey: Guid(70b936aef4182ea4e98cfe1419be46f0) Importer(815301076,1909f56bfc062723c751e8b465ee728b)
Start importing Assets/Dark UI/New Icons/White Books.png using Guid(70b936aef4182ea4e98cfe1419be46f0) Importer(815301076,1909f56bfc062723c751e8b465ee728b)  -> (artifact id: '99fecc7eff14d5e104d9100e83ec5109') in 0.018778 seconds
Number of updated asset objects reloaded before import = 0
Number of asset objects unloaded after import = 3
========================================================================
Received Import Request.
  Time since last request: 0.337264 seconds.
  path: Assets/Dark UI/New Icons/White Building.png
  artifactKey: Guid(fd17e86cde79d054ba2a9b2e6b078493) Importer(815301076,1909f56bfc062723c751e8b465ee728b)
Start importing Assets/Dark UI/New Icons/White Building.png using Guid(fd17e86cde79d054ba2a9b2e6b078493) Importer(815301076,1909f56bfc062723c751e8b465ee728b)  -> (artifact id: '1797552b5519b151e1023f8ec2cb2fa4') in 0.020192 seconds
Number of updated asset objects reloaded before import = 0
Number of asset objects unloaded after import = 3
========================================================================
Received Import Request.
  Time since last request: 0.000013 seconds.
  path: Assets/Dark UI/New Icons/White Calendar 1.png
  artifactKey: Guid(0cf5c5879d0cd244c9226a787b9f6692) Importer(815301076,1909f56bfc062723c751e8b465ee728b)
Start importing Assets/Dark UI/New Icons/White Calendar 1.png using Guid(0cf5c5879d0cd244c9226a787b9f6692) Importer(815301076,1909f56bfc062723c751e8b465ee728b)  -> (artifact id: '86fb64d7bdb173cfe854acf1f0d1a58e') in 0.020178 seconds
Number of updated asset objects reloaded before import = 0
Number of asset objects unloaded after import = 3
========================================================================
Received Import Request.
  Time since last request: 0.000010 seconds.
  path: Assets/Dark UI/New Icons/White Camera.png
  artifactKey: Guid(4fa547d91a8dd504d946232e6c38a36b) Importer(815301076,1909f56bfc062723c751e8b465ee728b)
Start importing Assets/Dark UI/New Icons/White Camera.png using Guid(4fa547d91a8dd504d946232e6c38a36b) Importer(815301076,1909f56bfc062723c751e8b465ee728b)  -> (artifact id: '92eb9615502593a8edb6e3f26d845e51') in 0.017860 seconds
Number of updated asset objects reloaded before import = 0
Number of asset objects unloaded after import = 3
========================================================================
Received Import Request.
  Time since last request: 0.016995 seconds.
  path: Assets/Dark UI/New Icons/White Cauldron.png
  artifactKey: Guid(374ee4817f286c24e882fd171babbb73) Importer(815301076,1909f56bfc062723c751e8b465ee728b)
Start importing Assets/Dark UI/New Icons/White Cauldron.png using Guid(374ee4817f286c24e882fd171babbb73) Importer(815301076,1909f56bfc062723c751e8b465ee728b)  -> (artifact id: '9a9bf178d87176bbedc82595c4e0547c') in 0.018960 seconds
Number of updated asset objects reloaded before import = 0
Number of asset objects unloaded after import = 3
========================================================================
Received Import Request.
  Time since last request: 0.000073 seconds.
  path: Assets/Dark UI/New Icons/White Chat 2.png
  artifactKey: Guid(0a281fdf0a57da34eb4e9867d8fe0087) Importer(815301076,1909f56bfc062723c751e8b465ee728b)
Start importing Assets/Dark UI/New Icons/White Chat 2.png using Guid(0a281fdf0a57da34eb4e9867d8fe0087) Importer(815301076,1909f56bfc062723c751e8b465ee728b)  -> (artifact id: '3accc24286f8bdda8edfe14a5516a6c2') in 0.018526 seconds
Number of updated asset objects reloaded before import = 0
Number of asset objects unloaded after import = 3
========================================================================
Received Import Request.
  Time since last request: 2.681722 seconds.
  path: Assets/Dark UI/New Icons/White Chest.png
  artifactKey: Guid(e43952f029d87404b8e6401bed71c7ba) Importer(815301076,1909f56bfc062723c751e8b465ee728b)
Start importing Assets/Dark UI/New Icons/White Chest.png using Guid(e43952f029d87404b8e6401bed71c7ba) Importer(815301076,1909f56bfc062723c751e8b465ee728b)  -> (artifact id: 'eccca003ecd863b32228efefcc8caf2a') in 0.021907 seconds
Number of updated asset objects reloaded before import = 0
Number of asset objects unloaded after import = 3
========================================================================
Received Import Request.
  Time since last request: 0.000011 seconds.
  path: Assets/Dark UI/New Icons/White Click.png
  artifactKey: Guid(cde92da782a3fa24985de86cf32bd393) Importer(815301076,1909f56bfc062723c751e8b465ee728b)
Start importing Assets/Dark UI/New Icons/White Click.png using Guid(cde92da782a3fa24985de86cf32bd393) Importer(815301076,1909f56bfc062723c751e8b465ee728b)  -> (artifact id: 'dcd5d03950b85d703c7f2bdddc24c30f') in 0.018149 seconds
Number of updated asset objects reloaded before import = 0
Number of asset objects unloaded after import = 3
========================================================================
Received Import Request.
  Time since last request: 1.068575 seconds.
  path: Assets/Dark UI/New Icons/White Close.png
  artifactKey: Guid(9054dc5711d27884a90b3ef076f6d3d4) Importer(815301076,1909f56bfc062723c751e8b465ee728b)
Start importing Assets/Dark UI/New Icons/White Close.png using Guid(9054dc5711d27884a90b3ef076f6d3d4) Importer(815301076,1909f56bfc062723c751e8b465ee728b)  -> (artifact id: 'ced340f41f9cc73429d9ad86efe7ae41') in 0.020367 seconds
Number of updated asset objects reloaded before import = 0
Number of asset objects unloaded after import = 3
========================================================================
Received Import Request.
  Time since last request: 0.000011 seconds.
  path: Assets/Dark UI/New Icons/White Close 2.png
  artifactKey: Guid(32f1d9665ce2b9a439c44710671d4baa) Importer(815301076,1909f56bfc062723c751e8b465ee728b)
Start importing Assets/Dark UI/New Icons/White Close 2.png using Guid(32f1d9665ce2b9a439c44710671d4baa) Importer(815301076,1909f56bfc062723c751e8b465ee728b)  -> (artifact id: 'db16d8947bae2f95ebad4c943b24bb44') in 0.018639 seconds
Number of updated asset objects reloaded before import = 0
Number of asset objects unloaded after import = 3
========================================================================
Received Import Request.
  Time since last request: 0.016731 seconds.
  path: Assets/Dark UI/New Icons/White Compress.png
  artifactKey: Guid(3bc40403c8e3e564ea87b52fdfa22c67) Importer(815301076,1909f56bfc062723c751e8b465ee728b)
Start importing Assets/Dark UI/New Icons/White Compress.png using Guid(3bc40403c8e3e564ea87b52fdfa22c67) Importer(815301076,1909f56bfc062723c751e8b465ee728b)  -> (artifact id: '0a705d825965ab2c5d83820e2cf3cdee') in 0.021014 seconds
Number of updated asset objects reloaded before import = 0
Number of asset objects unloaded after import = 3
========================================================================
Received Import Request.
  Time since last request: 0.124352 seconds.
  path: Assets/Dark UI/New Icons/White Crown 1.png
  artifactKey: Guid(d46c9ba111b274d4c906685a3f86b6af) Importer(815301076,1909f56bfc062723c751e8b465ee728b)
Start importing Assets/Dark UI/New Icons/White Crown 1.png using Guid(d46c9ba111b274d4c906685a3f86b6af) Importer(815301076,1909f56bfc062723c751e8b465ee728b)  -> (artifact id: '6bb25b46b89ec8733ad8937328fda046') in 0.018532 seconds
Number of updated asset objects reloaded before import = 0
Number of asset objects unloaded after import = 3
========================================================================
Received Import Request.
  Time since last request: 0.000010 seconds.
  path: Assets/Dark UI/New Icons/White Cycle.png
  artifactKey: Guid(94c7e2ea147841740a2ddab55760dde4) Importer(815301076,1909f56bfc062723c751e8b465ee728b)
Start importing Assets/Dark UI/New Icons/White Cycle.png using Guid(94c7e2ea147841740a2ddab55760dde4) Importer(815301076,1909f56bfc062723c751e8b465ee728b)  -> (artifact id: '7126ccf7ce4209a5d32c2311ab68294e') in 0.018524 seconds
Number of updated asset objects reloaded before import = 0
Number of asset objects unloaded after import = 3
========================================================================
Received Import Request.
  Time since last request: 0.457313 seconds.
  path: Assets/Dark UI/New Icons/White Dollar.png
  artifactKey: Guid(32a910569006e6f4288aeb55d4088d8b) Importer(815301076,1909f56bfc062723c751e8b465ee728b)
Start importing Assets/Dark UI/New Icons/White Dollar.png using Guid(32a910569006e6f4288aeb55d4088d8b) Importer(815301076,1909f56bfc062723c751e8b465ee728b)  -> (artifact id: '65eeb8733cb7370c558f42db4ae29770') in 0.020778 seconds
Number of updated asset objects reloaded before import = 0
Number of asset objects unloaded after import = 3
========================================================================
Received Import Request.
  Time since last request: 0.014804 seconds.
  path: Assets/Dark UI/New Icons/White Energy.png
  artifactKey: Guid(9b03d0e2a9247694d920c0e8d27668d6) Importer(815301076,1909f56bfc062723c751e8b465ee728b)
Start importing Assets/Dark UI/New Icons/White Energy.png using Guid(9b03d0e2a9247694d920c0e8d27668d6) Importer(815301076,1909f56bfc062723c751e8b465ee728b)  -> (artifact id: 'ebe38f5dfa6100da056d4c57e1a99d75') in 0.020505 seconds
Number of updated asset objects reloaded before import = 0
Number of asset objects unloaded after import = 3
========================================================================
Received Import Request.
  Time since last request: 0.000012 seconds.
  path: Assets/Dark UI/New Icons/White Expand.png
  artifactKey: Guid(07230c17de668be488c33476fe450846) Importer(815301076,1909f56bfc062723c751e8b465ee728b)
Start importing Assets/Dark UI/New Icons/White Expand.png using Guid(07230c17de668be488c33476fe450846) Importer(815301076,1909f56bfc062723c751e8b465ee728b)  -> (artifact id: 'a3050bee32c75e4dc542eb5f5de5c68e') in 0.018416 seconds
Number of updated asset objects reloaded before import = 0
Number of asset objects unloaded after import = 3
========================================================================
Received Import Request.
  Time since last request: 0.177728 seconds.
  path: Assets/Dark UI/New Icons/White FastFordward.png
  artifactKey: Guid(802a7f4783974a04d85bfea4c8d83bf4) Importer(815301076,1909f56bfc062723c751e8b465ee728b)
Start importing Assets/Dark UI/New Icons/White FastFordward.png using Guid(802a7f4783974a04d85bfea4c8d83bf4) Importer(815301076,1909f56bfc062723c751e8b465ee728b)  -> (artifact id: '92de7fe515bc97409987e4ae50aca920') in 0.020345 seconds
Number of updated asset objects reloaded before import = 0
Number of asset objects unloaded after import = 3
========================================================================
Received Import Request.
  Time since last request: 0.133161 seconds.
  path: Assets/Dark UI/New Icons/White Fire.png
  artifactKey: Guid(55a26f8ddf4bcd84ebac28cd0267311b) Importer(815301076,1909f56bfc062723c751e8b465ee728b)
Start importing Assets/Dark UI/New Icons/White Fire.png using Guid(55a26f8ddf4bcd84ebac28cd0267311b) Importer(815301076,1909f56bfc062723c751e8b465ee728b)  -> (artifact id: '6172e14df680834f652c132e4d13d52e') in 0.018629 seconds
Number of updated asset objects reloaded before import = 0
Number of asset objects unloaded after import = 3
========================================================================
Received Import Request.
  Time since last request: 0.124318 seconds.
  path: Assets/Dark UI/New Icons/White Folder 2.png
  artifactKey: Guid(7d7a478af16c6d147ad4f8f969ae50b1) Importer(815301076,1909f56bfc062723c751e8b465ee728b)
Start importing Assets/Dark UI/New Icons/White Folder 2.png using Guid(7d7a478af16c6d147ad4f8f969ae50b1) Importer(815301076,1909f56bfc062723c751e8b465ee728b)  -> (artifact id: '5c2e5b9cc4bf264604c329edc6b2aa3f') in 0.018805 seconds
Number of updated asset objects reloaded before import = 0
Number of asset objects unloaded after import = 3
========================================================================
Received Import Request.
  Time since last request: 0.277652 seconds.
  path: Assets/Dark UI/New Icons/White Gear 2.png
  artifactKey: Guid(8152721df6350f74b920a9565a5aecb4) Importer(815301076,1909f56bfc062723c751e8b465ee728b)
Start importing Assets/Dark UI/New Icons/White Gear 2.png using Guid(8152721df6350f74b920a9565a5aecb4) Importer(815301076,1909f56bfc062723c751e8b465ee728b)  -> (artifact id: 'ea4acd506079d9cbea49bfec08630c3e') in 0.020975 seconds
Number of updated asset objects reloaded before import = 0
Number of asset objects unloaded after import = 3
========================================================================
Received Import Request.
  Time since last request: 0.000011 seconds.
  path: Assets/Dark UI/New Icons/White Gem 1.png
  artifactKey: Guid(228d69029e457c443a5eb0f973e92089) Importer(815301076,1909f56bfc062723c751e8b465ee728b)
Start importing Assets/Dark UI/New Icons/White Gem 1.png using Guid(228d69029e457c443a5eb0f973e92089) Importer(815301076,1909f56bfc062723c751e8b465ee728b)  -> (artifact id: '3eab78f87945255fb43ad08572d91d62') in 0.018230 seconds
Number of updated asset objects reloaded before import = 0
Number of asset objects unloaded after import = 3
========================================================================
Received Import Request.
  Time since last request: 0.000010 seconds.
  path: Assets/Dark UI/New Icons/White Google.png
  artifactKey: Guid(f13936c7942bc0a48a7ec9fe3a11880b) Importer(815301076,1909f56bfc062723c751e8b465ee728b)
Start importing Assets/Dark UI/New Icons/White Google.png using Guid(f13936c7942bc0a48a7ec9fe3a11880b) Importer(815301076,1909f56bfc062723c751e8b465ee728b)  -> (artifact id: '22790b144f33ca74f610053273ad1357') in 0.019029 seconds
Number of updated asset objects reloaded before import = 0
Number of asset objects unloaded after import = 3
========================================================================
Received Import Request.
  Time since last request: 0.000009 seconds.
  path: Assets/Dark UI/New Icons/White Hammer 2.png
  artifactKey: Guid(e9eb87fd4962a704faf3ec8c2912c635) Importer(815301076,1909f56bfc062723c751e8b465ee728b)
Start importing Assets/Dark UI/New Icons/White Hammer 2.png using Guid(e9eb87fd4962a704faf3ec8c2912c635) Importer(815301076,1909f56bfc062723c751e8b465ee728b)  -> (artifact id: 'eebd0da7a03b52a73bd0c20f065e6ce8') in 0.020992 seconds
Number of updated asset objects reloaded before import = 0
Number of asset objects unloaded after import = 3
========================================================================
Received Import Request.
  Time since last request: 0.000010 seconds.
  path: Assets/Dark UI/New Icons/White Heart 3.png
  artifactKey: Guid(96abe9144609545419e18f668c98e5b3) Importer(815301076,1909f56bfc062723c751e8b465ee728b)
Start importing Assets/Dark UI/New Icons/White Heart 3.png using Guid(96abe9144609545419e18f668c98e5b3) Importer(815301076,1909f56bfc062723c751e8b465ee728b)  -> (artifact id: '40c2f0600e60caa1913781d2045987a0') in 0.016663 seconds
Number of updated asset objects reloaded before import = 0
Number of asset objects unloaded after import = 3
========================================================================
Received Import Request.
  Time since last request: 0.000014 seconds.
  path: Assets/Dark UI/New Icons/White Home 3.png
  artifactKey: Guid(11d17bc300057b24fa03bc50f2f9d87a) Importer(815301076,1909f56bfc062723c751e8b465ee728b)
Start importing Assets/Dark UI/New Icons/White Home 3.png using Guid(11d17bc300057b24fa03bc50f2f9d87a) Importer(815301076,1909f56bfc062723c751e8b465ee728b)  -> (artifact id: 'bf88a9b4d4de8aeb7095bc23501369fc') in 0.019297 seconds
Number of updated asset objects reloaded before import = 0
Number of asset objects unloaded after import = 3
========================================================================
Received Import Request.
  Time since last request: 0.000009 seconds.
  path: Assets/Dark UI/New Icons/White Info 1.png
  artifactKey: Guid(883c9ddf3617dec428bc0fafdad03f92) Importer(815301076,1909f56bfc062723c751e8b465ee728b)
Start importing Assets/Dark UI/New Icons/White Info 1.png using Guid(883c9ddf3617dec428bc0fafdad03f92) Importer(815301076,1909f56bfc062723c751e8b465ee728b)  -> (artifact id: '17a09b025f1326a1eb551dbd8888116f') in 0.020977 seconds
Number of updated asset objects reloaded before import = 0
Number of asset objects unloaded after import = 3
========================================================================
Received Import Request.
  Time since last request: 0.000009 seconds.
  path: Assets/Dark UI/New Icons/White Grenade.png
  artifactKey: Guid(77c8e4db152f76042bcd8c7632b5f4dd) Importer(815301076,1909f56bfc062723c751e8b465ee728b)
Start importing Assets/Dark UI/New Icons/White Grenade.png using Guid(77c8e4db152f76042bcd8c7632b5f4dd) Importer(815301076,1909f56bfc062723c751e8b465ee728b)  -> (artifact id: '888133ae6772894b65a08873421ddf35') in 0.020973 seconds
Number of updated asset objects reloaded before import = 0
Number of asset objects unloaded after import = 3
========================================================================
Received Import Request.
  Time since last request: 0.204422 seconds.
  path: Assets/Dark UI/New Icons/White Knight.png
  artifactKey: Guid(9127bb7b525b8424fb967ef6627e220c) Importer(815301076,1909f56bfc062723c751e8b465ee728b)
Start importing Assets/Dark UI/New Icons/White Knight.png using Guid(9127bb7b525b8424fb967ef6627e220c) Importer(815301076,1909f56bfc062723c751e8b465ee728b)  -> (artifact id: '6be7b74730d0eb20623f574720ac0499') in 0.020422 seconds
Number of updated asset objects reloaded before import = 0
Number of asset objects unloaded after import = 3
========================================================================
Received Import Request.
  Time since last request: 0.025464 seconds.
  path: Assets/Dark UI/New Icons/White Light.png
  artifactKey: Guid(256fb8f6fc4c4bd4faf89a2d01947f02) Importer(815301076,1909f56bfc062723c751e8b465ee728b)
Start importing Assets/Dark UI/New Icons/White Light.png using Guid(256fb8f6fc4c4bd4faf89a2d01947f02) Importer(815301076,1909f56bfc062723c751e8b465ee728b)  -> (artifact id: 'df90f96826270e182a72a86ee9e75bb9') in 0.018320 seconds
Number of updated asset objects reloaded before import = 0
Number of asset objects unloaded after import = 3
========================================================================
Received Import Request.
  Time since last request: 0.000010 seconds.
  path: Assets/Dark UI/New Icons/White Magnet 2.png
  artifactKey: Guid(c58c0b67c01722243934b4d3b8bee79a) Importer(815301076,1909f56bfc062723c751e8b465ee728b)
Start importing Assets/Dark UI/New Icons/White Magnet 2.png using Guid(c58c0b67c01722243934b4d3b8bee79a) Importer(815301076,1909f56bfc062723c751e8b465ee728b)  -> (artifact id: '637e26c08eccfa8d70beec5f266774de') in 0.019422 seconds
Number of updated asset objects reloaded before import = 0
Number of asset objects unloaded after import = 3
========================================================================
Received Import Request.
  Time since last request: 0.000015 seconds.
  path: Assets/Dark UI/New Icons/White Location 1.png
  artifactKey: Guid(65f27128858deb84b8cee1a3a88ea099) Importer(815301076,1909f56bfc062723c751e8b465ee728b)
Start importing Assets/Dark UI/New Icons/White Location 1.png using Guid(65f27128858deb84b8cee1a3a88ea099) Importer(815301076,1909f56bfc062723c751e8b465ee728b)  -> (artifact id: '4dfca21256b2c7034a7d1292c2f9daa8') in 0.019168 seconds
Number of updated asset objects reloaded before import = 0
Number of asset objects unloaded after import = 3
========================================================================
Received Import Request.
  Time since last request: 0.000012 seconds.
  path: Assets/Dark UI/New Icons/White Media Folder.png
  artifactKey: Guid(61b813bc36c05e349afdff9f861c13db) Importer(815301076,1909f56bfc062723c751e8b465ee728b)
Start importing Assets/Dark UI/New Icons/White Media Folder.png using Guid(61b813bc36c05e349afdff9f861c13db) Importer(815301076,1909f56bfc062723c751e8b465ee728b)  -> (artifact id: '2063de3b5475fe9335265fb9af76b8ab') in 0.021121 seconds
Number of updated asset objects reloaded before import = 0
Number of asset objects unloaded after import = 3
========================================================================
Received Import Request.
  Time since last request: 0.000011 seconds.
  path: Assets/Dark UI/New Icons/White Message 2.png
  artifactKey: Guid(2ed76750890eee843ac757621dba82e0) Importer(815301076,1909f56bfc062723c751e8b465ee728b)
Start importing Assets/Dark UI/New Icons/White Message 2.png using Guid(2ed76750890eee843ac757621dba82e0) Importer(815301076,1909f56bfc062723c751e8b465ee728b)  -> (artifact id: '8f3735e7cbb4667d0b55e6f39cda681a') in 0.018826 seconds
Number of updated asset objects reloaded before import = 0
Number of asset objects unloaded after import = 3
========================================================================
Received Import Request.
  Time since last request: 0.000014 seconds.
  path: Assets/Dark UI/New Icons/White Message.png
  artifactKey: Guid(1942a53187250b94aa25ea73656f2ca1) Importer(815301076,1909f56bfc062723c751e8b465ee728b)
Start importing Assets/Dark UI/New Icons/White Message.png using Guid(1942a53187250b94aa25ea73656f2ca1) Importer(815301076,1909f56bfc062723c751e8b465ee728b)  -> (artifact id: '0c7459ec8e1ba89a21e267e019b242df') in 0.017756 seconds
Number of updated asset objects reloaded before import = 0
Number of asset objects unloaded after import = 3
========================================================================
Received Import Request.
  Time since last request: 0.188657 seconds.
  path: Assets/Dark UI/New Icons/White Move Left.png
  artifactKey: Guid(b2fbf3e3089c73b4cb1ce543b975f49c) Importer(815301076,1909f56bfc062723c751e8b465ee728b)
Start importing Assets/Dark UI/New Icons/White Move Left.png using Guid(b2fbf3e3089c73b4cb1ce543b975f49c) Importer(815301076,1909f56bfc062723c751e8b465ee728b)  -> (artifact id: '34ae18a412c48672a70e908441c45a0e') in 0.018748 seconds
Number of updated asset objects reloaded before import = 0
Number of asset objects unloaded after import = 3
========================================================================
Received Import Request.
  Time since last request: 0.000013 seconds.
  path: Assets/Dark UI/New Icons/White Move Right.png
  artifactKey: Guid(010e7d5e0141d2f43baad877efda2e88) Importer(815301076,1909f56bfc062723c751e8b465ee728b)
Start importing Assets/Dark UI/New Icons/White Move Right.png using Guid(010e7d5e0141d2f43baad877efda2e88) Importer(815301076,1909f56bfc062723c751e8b465ee728b)  -> (artifact id: '819ea658dde996a8a3db398c91431caa') in 0.019164 seconds
Number of updated asset objects reloaded before import = 0
Number of asset objects unloaded after import = 3
========================================================================
Received Import Request.
  Time since last request: 0.000011 seconds.
  path: Assets/Dark UI/New Icons/White Pen.png
  artifactKey: Guid(8f7b8cbf3f3080943b74eca26c930727) Importer(815301076,1909f56bfc062723c751e8b465ee728b)
Start importing Assets/Dark UI/New Icons/White Pen.png using Guid(8f7b8cbf3f3080943b74eca26c930727) Importer(815301076,1909f56bfc062723c751e8b465ee728b)  -> (artifact id: '2c970ee63cc7a50419f24ce8737982d7') in 0.018198 seconds
Number of updated asset objects reloaded before import = 0
Number of asset objects unloaded after import = 3
========================================================================
Received Import Request.
  Time since last request: 0.000014 seconds.
  path: Assets/Dark UI/New Icons/White Pie Chart.png
  artifactKey: Guid(36bb148c6f5777247965a52be667ffbd) Importer(815301076,1909f56bfc062723c751e8b465ee728b)
Start importing Assets/Dark UI/New Icons/White Pie Chart.png using Guid(36bb148c6f5777247965a52be667ffbd) Importer(815301076,1909f56bfc062723c751e8b465ee728b)  -> (artifact id: 'd05f164d821ad1eeb0d229c111bf8fba') in 0.019572 seconds
Number of updated asset objects reloaded before import = 0
Number of asset objects unloaded after import = 3
========================================================================
Received Import Request.
  Time since last request: 0.000011 seconds.
  path: Assets/Dark UI/New Icons/White Piggy Bank.png
  artifactKey: Guid(b5af7239969d5484a852faf7ec27fe23) Importer(815301076,1909f56bfc062723c751e8b465ee728b)
Start importing Assets/Dark UI/New Icons/White Piggy Bank.png using Guid(b5af7239969d5484a852faf7ec27fe23) Importer(815301076,1909f56bfc062723c751e8b465ee728b)  -> (artifact id: 'dd74fd43537711f3204979124eb21383') in 0.021759 seconds
Number of updated asset objects reloaded before import = 0
Number of asset objects unloaded after import = 3
========================================================================
Received Import Request.
  Time since last request: 0.000011 seconds.
  path: Assets/Dark UI/New Icons/White Percent.png
  artifactKey: Guid(cf3bffcb26345f442a14e4b7850d9732) Importer(815301076,1909f56bfc062723c751e8b465ee728b)
Start importing Assets/Dark UI/New Icons/White Percent.png using Guid(cf3bffcb26345f442a14e4b7850d9732) Importer(815301076,1909f56bfc062723c751e8b465ee728b)  -> (artifact id: '4e9cf2fc07fc93ddf79f027f3841067a') in 0.018493 seconds
Number of updated asset objects reloaded before import = 0
Number of asset objects unloaded after import = 3
========================================================================
Received Import Request.
  Time since last request: 0.000008 seconds.
  path: Assets/Dark UI/New Icons/White Pen 2.png
  artifactKey: Guid(c99c6c33ed98b2742bb329bbbdc0b31d) Importer(815301076,1909f56bfc062723c751e8b465ee728b)
Start importing Assets/Dark UI/New Icons/White Pen 2.png using Guid(c99c6c33ed98b2742bb329bbbdc0b31d) Importer(815301076,1909f56bfc062723c751e8b465ee728b)  -> (artifact id: 'f393af6a83fb1bf060120148184695fc') in 0.019774 seconds
Number of updated asset objects reloaded before import = 0
Number of asset objects unloaded after import = 3
========================================================================
Received Import Request.
  Time since last request: 0.127245 seconds.
  path: Assets/Dark UI/New Icons/White Planet.png
  artifactKey: Guid(bdfdf6f3bbf366a4daf460fc75ee768c) Importer(815301076,1909f56bfc062723c751e8b465ee728b)
Start importing Assets/Dark UI/New Icons/White Planet.png using Guid(bdfdf6f3bbf366a4daf460fc75ee768c) Importer(815301076,1909f56bfc062723c751e8b465ee728b)  -> (artifact id: 'a101e8b7f9953be4f092cafb95831948') in 0.019453 seconds
Number of updated asset objects reloaded before import = 0
Number of asset objects unloaded after import = 3
========================================================================
Received Import Request.
  Time since last request: 0.000013 seconds.
  path: Assets/Dark UI/New Icons/White Play.png
  artifactKey: Guid(82cc141cf0a983044b70b85573c5314d) Importer(815301076,1909f56bfc062723c751e8b465ee728b)
Start importing Assets/Dark UI/New Icons/White Play.png using Guid(82cc141cf0a983044b70b85573c5314d) Importer(815301076,1909f56bfc062723c751e8b465ee728b)  -> (artifact id: 'e07918d2147761d490693b15426dd3fb') in 0.019544 seconds
Number of updated asset objects reloaded before import = 0
Number of asset objects unloaded after import = 3
========================================================================
Received Import Request.
  Time since last request: 0.000016 seconds.
  path: Assets/Dark UI/New Icons/White Print.png
  artifactKey: Guid(5d5b2ca7b604b2446a73432e660fbd6c) Importer(815301076,1909f56bfc062723c751e8b465ee728b)
Start importing Assets/Dark UI/New Icons/White Print.png using Guid(5d5b2ca7b604b2446a73432e660fbd6c) Importer(815301076,1909f56bfc062723c751e8b465ee728b)  -> (artifact id: 'a4d3b0da837b2fed97b9d7fb9748e421') in 0.018734 seconds
Number of updated asset objects reloaded before import = 0
Number of asset objects unloaded after import = 3
========================================================================
Received Import Request.
  Time since last request: 0.000010 seconds.
  path: Assets/Dark UI/New Icons/White Ribbon 3.png
  artifactKey: Guid(60111edb209b3784599b3c7d3b4fe3ee) Importer(815301076,1909f56bfc062723c751e8b465ee728b)
Start importing Assets/Dark UI/New Icons/White Ribbon 3.png using Guid(60111edb209b3784599b3c7d3b4fe3ee) Importer(815301076,1909f56bfc062723c751e8b465ee728b)  -> (artifact id: '228a279024102113e31d6514fd4f145e') in 0.021664 seconds
Number of updated asset objects reloaded before import = 0
Number of asset objects unloaded after import = 3
========================================================================
Received Import Request.
  Time since last request: 0.000014 seconds.
  path: Assets/Dark UI/New Icons/White Ribbon.png
  artifactKey: Guid(5f6ac321af880674cbe43fffb520a208) Importer(815301076,1909f56bfc062723c751e8b465ee728b)
Start importing Assets/Dark UI/New Icons/White Ribbon.png using Guid(5f6ac321af880674cbe43fffb520a208) Importer(815301076,1909f56bfc062723c751e8b465ee728b)  -> (artifact id: 'e16877d33c0a72b8a7fe64b6636c419b') in 0.019884 seconds
Number of updated asset objects reloaded before import = 0
Number of asset objects unloaded after import = 3
========================================================================
Received Import Request.
  Time since last request: 0.000011 seconds.
  path: Assets/Dark UI/New Icons/White Puzzle Piece.png
  artifactKey: Guid(539d21f35f0888b4a96fbbe6bd703478) Importer(815301076,1909f56bfc062723c751e8b465ee728b)
Start importing Assets/Dark UI/New Icons/White Puzzle Piece.png using Guid(539d21f35f0888b4a96fbbe6bd703478) Importer(815301076,1909f56bfc062723c751e8b465ee728b)  -> (artifact id: 'cdcdabc637c4b18325db1ba374c6beef') in 0.020762 seconds
Number of updated asset objects reloaded before import = 0
Number of asset objects unloaded after import = 3
========================================================================
Received Import Request.
  Time since last request: 0.000010 seconds.
  path: Assets/Dark UI/New Icons/White Return 2.png
  artifactKey: Guid(ec839f42b242a6b4da6fb119d2060d5e) Importer(815301076,1909f56bfc062723c751e8b465ee728b)
Start importing Assets/Dark UI/New Icons/White Return 2.png using Guid(ec839f42b242a6b4da6fb119d2060d5e) Importer(815301076,1909f56bfc062723c751e8b465ee728b)  -> (artifact id: '86b252a7c1e87219a49bc9bdac011214') in 0.019061 seconds
Number of updated asset objects reloaded before import = 0
Number of asset objects unloaded after import = 3
========================================================================
Received Import Request.
  Time since last request: 0.000011 seconds.
  path: Assets/Dark UI/New Icons/White Rubble.png
  artifactKey: Guid(cd92e079b5f9d7a4d805b7f947939ff2) Importer(815301076,1909f56bfc062723c751e8b465ee728b)
Start importing Assets/Dark UI/New Icons/White Rubble.png using Guid(cd92e079b5f9d7a4d805b7f947939ff2) Importer(815301076,1909f56bfc062723c751e8b465ee728b)  -> (artifact id: '77533bbe6294f62e5027bf38fe1bdef4') in 0.020337 seconds
Number of updated asset objects reloaded before import = 0
Number of asset objects unloaded after import = 3
========================================================================
Received Import Request.
  Time since last request: 0.000011 seconds.
  path: Assets/Dark UI/New Icons/White Pumpkin.png
  artifactKey: Guid(8f31f7b4e0bdab94182af78c52249983) Importer(815301076,1909f56bfc062723c751e8b465ee728b)
Start importing Assets/Dark UI/New Icons/White Pumpkin.png using Guid(8f31f7b4e0bdab94182af78c52249983) Importer(815301076,1909f56bfc062723c751e8b465ee728b)  -> (artifact id: '718cca021ec4702b85198b749dc72d6a') in 0.018822 seconds
Number of updated asset objects reloaded before import = 0
Number of asset objects unloaded after import = 3
========================================================================
Received Import Request.
  Time since last request: 0.145857 seconds.
  path: Assets/Dark UI/New Icons/White Scissor.png
  artifactKey: Guid(c7be68a7be5270940b9170185c39fcb0) Importer(815301076,1909f56bfc062723c751e8b465ee728b)
Start importing Assets/Dark UI/New Icons/White Scissor.png using Guid(c7be68a7be5270940b9170185c39fcb0) Importer(815301076,1909f56bfc062723c751e8b465ee728b)  -> (artifact id: '27cadba22ffb956d6a7b03713e8403b4') in 0.020681 seconds
Number of updated asset objects reloaded before import = 0
Number of asset objects unloaded after import = 3
========================================================================
Received Import Request.
  Time since last request: 0.000010 seconds.
  path: Assets/Dark UI/New Icons/White Shield 2.png
  artifactKey: Guid(95225b98114fcf245b8992aab7f4ea5e) Importer(815301076,1909f56bfc062723c751e8b465ee728b)
Start importing Assets/Dark UI/New Icons/White Shield 2.png using Guid(95225b98114fcf245b8992aab7f4ea5e) Importer(815301076,1909f56bfc062723c751e8b465ee728b)  -> (artifact id: '8257df90a33b665475c99979f76014c3') in 0.019275 seconds
Number of updated asset objects reloaded before import = 0
Number of asset objects unloaded after import = 3
========================================================================
Received Import Request.
  Time since last request: 0.000009 seconds.
  path: Assets/Dark UI/New Icons/White Smiley.png
  artifactKey: Guid(bd0eb31f565efa9478845672908fb5c6) Importer(815301076,1909f56bfc062723c751e8b465ee728b)
Start importing Assets/Dark UI/New Icons/White Smiley.png using Guid(bd0eb31f565efa9478845672908fb5c6) Importer(815301076,1909f56bfc062723c751e8b465ee728b)  -> (artifact id: '835ea55fc55d7d74378214e4737ea133') in 0.018088 seconds
Number of updated asset objects reloaded before import = 0
Number of asset objects unloaded after import = 3
========================================================================
Received Import Request.
  Time since last request: 0.000009 seconds.
  path: Assets/Dark UI/New Icons/White Snow Globe 1.png
  artifactKey: Guid(9cf1960b5a0ca9547ba5ba2c1f1d7914) Importer(815301076,1909f56bfc062723c751e8b465ee728b)
Start importing Assets/Dark UI/New Icons/White Snow Globe 1.png using Guid(9cf1960b5a0ca9547ba5ba2c1f1d7914) Importer(815301076,1909f56bfc062723c751e8b465ee728b)  -> (artifact id: '7efb6cdfd26e33e4d078af4dccbc571c') in 0.020033 seconds
Number of updated asset objects reloaded before import = 0
Number of asset objects unloaded after import = 3
========================================================================
Received Import Request.
  Time since last request: 0.000009 seconds.
  path: Assets/Dark UI/New Icons/White Sound On.png
  artifactKey: Guid(fd30afab859581246b9ba7593ee3c10c) Importer(815301076,1909f56bfc062723c751e8b465ee728b)
Start importing Assets/Dark UI/New Icons/White Sound On.png using Guid(fd30afab859581246b9ba7593ee3c10c) Importer(815301076,1909f56bfc062723c751e8b465ee728b)  -> (artifact id: 'b0289a237458b0eb39a7681051800bd4') in 0.019113 seconds
Number of updated asset objects reloaded before import = 0
Number of asset objects unloaded after import = 3
========================================================================
Received Import Request.
  Time since last request: 0.000009 seconds.
  path: Assets/Dark UI/New Icons/White Slider 2.png
  artifactKey: Guid(e9915a0ce44e3ce4595b2349fdfe1ecd) Importer(815301076,1909f56bfc062723c751e8b465ee728b)
Start importing Assets/Dark UI/New Icons/White Slider 2.png using Guid(e9915a0ce44e3ce4595b2349fdfe1ecd) Importer(815301076,1909f56bfc062723c751e8b465ee728b)  -> (artifact id: '264f5f002bec6a9f7813dba8cfded6cf') in 0.021169 seconds
Number of updated asset objects reloaded before import = 0
Number of asset objects unloaded after import = 3
========================================================================
Received Import Request.
  Time since last request: 0.000009 seconds.
  path: Assets/Dark UI/New Icons/White Select.png
  artifactKey: Guid(6c5836c8c1310914b85347abf9a4dc63) Importer(815301076,1909f56bfc062723c751e8b465ee728b)
Start importing Assets/Dark UI/New Icons/White Select.png using Guid(6c5836c8c1310914b85347abf9a4dc63) Importer(815301076,1909f56bfc062723c751e8b465ee728b)  -> (artifact id: 'b77827a942ffdc2ceffb76ee4fccf20e') in 0.018694 seconds
Number of updated asset objects reloaded before import = 0
Number of asset objects unloaded after import = 3
========================================================================
Received Import Request.
  Time since last request: 0.000014 seconds.
  path: Assets/Dark UI/New Icons/White ScrewDriver.png
  artifactKey: Guid(25c0d8702947c8949b6593f764399b5a) Importer(815301076,1909f56bfc062723c751e8b465ee728b)
Start importing Assets/Dark UI/New Icons/White ScrewDriver.png using Guid(25c0d8702947c8949b6593f764399b5a) Importer(815301076,1909f56bfc062723c751e8b465ee728b)  -> (artifact id: '027d346a43a0941b193695ec2d1fe352') in 0.019730 seconds
Number of updated asset objects reloaded before import = 0
Number of asset objects unloaded after import = 3
========================================================================
Received Import Request.
  Time since last request: 0.000017 seconds.
  path: Assets/Dark UI/New Icons/White Skull 2.png
  artifactKey: Guid(9c2a11d25a21a814e9e081ddfd36e556) Importer(815301076,1909f56bfc062723c751e8b465ee728b)
Start importing Assets/Dark UI/New Icons/White Skull 2.png using Guid(9c2a11d25a21a814e9e081ddfd36e556) Importer(815301076,1909f56bfc062723c751e8b465ee728b)  -> (artifact id: '8e6241ec10883f79c1084b96ce51ccc0') in 0.018940 seconds
Number of updated asset objects reloaded before import = 0
Number of asset objects unloaded after import = 3
========================================================================
Received Import Request.
  Time since last request: 0.469078 seconds.
  path: Assets/Dark UI/New Icons/White Subtract.png
  artifactKey: Guid(83c48d5ebdbe1aa4289d3ab22bce4475) Importer(815301076,1909f56bfc062723c751e8b465ee728b)
Start importing Assets/Dark UI/New Icons/White Subtract.png using Guid(83c48d5ebdbe1aa4289d3ab22bce4475) Importer(815301076,1909f56bfc062723c751e8b465ee728b)  -> (artifact id: 'ae572a3251d3c2328a69c51c8b623115') in 0.022081 seconds
Number of updated asset objects reloaded before import = 0
Number of asset objects unloaded after import = 3
========================================================================
Received Import Request.
  Time since last request: 0.011317 seconds.
  path: Assets/Dark UI/New Icons/White Symbol 2.png
  artifactKey: Guid(0477998255a69064c826b323802fc63a) Importer(815301076,1909f56bfc062723c751e8b465ee728b)
Start importing Assets/Dark UI/New Icons/White Symbol 2.png using Guid(0477998255a69064c826b323802fc63a) Importer(815301076,1909f56bfc062723c751e8b465ee728b)  -> (artifact id: 'c65b4729eabc9375966cc9a0247e563b') in 0.020671 seconds
Number of updated asset objects reloaded before import = 0
Number of asset objects unloaded after import = 3
========================================================================
Received Import Request.
  Time since last request: 0.000010 seconds.
  path: Assets/Dark UI/New Icons/White Symbol 11.png
  artifactKey: Guid(072c8416534844148aaace60eede3f65) Importer(815301076,1909f56bfc062723c751e8b465ee728b)
Start importing Assets/Dark UI/New Icons/White Symbol 11.png using Guid(072c8416534844148aaace60eede3f65) Importer(815301076,1909f56bfc062723c751e8b465ee728b)  -> (artifact id: 'aedbd34e547758aed185dc7ba3000392') in 0.019296 seconds
Number of updated asset objects reloaded before import = 0
Number of asset objects unloaded after import = 3
========================================================================
Received Import Request.
  Time since last request: 0.000079 seconds.
  path: Assets/Dark UI/New Icons/White Symbol 14.png
  artifactKey: Guid(53cc92633a87d6241ba0a506c3aa2194) Importer(815301076,1909f56bfc062723c751e8b465ee728b)
Start importing Assets/Dark UI/New Icons/White Symbol 14.png using Guid(53cc92633a87d6241ba0a506c3aa2194) Importer(815301076,1909f56bfc062723c751e8b465ee728b)  -> (artifact id: '95f4151ce7d93b40a8eca3723c26cf9b') in 0.019776 seconds
Number of updated asset objects reloaded before import = 0
Number of asset objects unloaded after import = 3
========================================================================
Received Import Request.
  Time since last request: 0.000012 seconds.
  path: Assets/Dark UI/New Icons/White Tag.png
  artifactKey: Guid(33188ea6f30bf7c4bbf425eca949248a) Importer(815301076,1909f56bfc062723c751e8b465ee728b)
Start importing Assets/Dark UI/New Icons/White Tag.png using Guid(33188ea6f30bf7c4bbf425eca949248a) Importer(815301076,1909f56bfc062723c751e8b465ee728b)  -> (artifact id: '1401995cdb87cbe87a3ed4389c46f0be') in 0.017959 seconds
Number of updated asset objects reloaded before import = 0
Number of asset objects unloaded after import = 3
========================================================================
Received Import Request.
  Time since last request: 0.000011 seconds.
  path: Assets/Dark UI/New Icons/White Target 1.png
  artifactKey: Guid(fbfbf4e278b075544975b8a7cfc45f65) Importer(815301076,1909f56bfc062723c751e8b465ee728b)
Start importing Assets/Dark UI/New Icons/White Target 1.png using Guid(fbfbf4e278b075544975b8a7cfc45f65) Importer(815301076,1909f56bfc062723c751e8b465ee728b)  -> (artifact id: '8b6bce4ee29d7a5b948760fad9bfe257') in 0.018204 seconds
Number of updated asset objects reloaded before import = 0
Number of asset objects unloaded after import = 3
========================================================================
Received Import Request.
  Time since last request: 0.000011 seconds.
  path: Assets/Dark UI/New Icons/White Symbol 10.png
  artifactKey: Guid(5a189062964e1c4428b9ba1721e40f19) Importer(815301076,1909f56bfc062723c751e8b465ee728b)
Start importing Assets/Dark UI/New Icons/White Symbol 10.png using Guid(5a189062964e1c4428b9ba1721e40f19) Importer(815301076,1909f56bfc062723c751e8b465ee728b)  -> (artifact id: 'c87b2083f135749f9904a4b888be5230') in 0.018865 seconds
Number of updated asset objects reloaded before import = 0
Number of asset objects unloaded after import = 3
========================================================================
Received Import Request.
  Time since last request: 5.374076 seconds.
  path: Assets/Dark UI/Free/64.png
  artifactKey: Guid(701e7ed4dde1bf949b30e33741547ac9) Importer(815301076,1909f56bfc062723c751e8b465ee728b)
Start importing Assets/Dark UI/Free/64.png using Guid(701e7ed4dde1bf949b30e33741547ac9) Importer(815301076,1909f56bfc062723c751e8b465ee728b)  -> (artifact id: '4e099d29546493fd8cb585a53bc7579d') in 0.025991 seconds
Number of updated asset objects reloaded before import = 0
Number of asset objects unloaded after import = 3
========================================================================
Received Import Request.
  Time since last request: 0.000015 seconds.
  path: Assets/Dark UI/Free/Button_Medium_A.png
  artifactKey: Guid(f9fa9ebfa2606f840a23f0bb0ac882af) Importer(815301076,1909f56bfc062723c751e8b465ee728b)
Start importing Assets/Dark UI/Free/Button_Medium_A.png using Guid(f9fa9ebfa2606f840a23f0bb0ac882af) Importer(815301076,1909f56bfc062723c751e8b465ee728b)  -> (artifact id: '091947ac5389a02bf93e2f66ecab99e3') in 0.021928 seconds
Number of updated asset objects reloaded before import = 0
Number of asset objects unloaded after import = 3
========================================================================
Received Import Request.
  Time since last request: 0.000010 seconds.
  path: Assets/Dark UI/Free/128 Light.png
  artifactKey: Guid(240ae01ad665c6d4798249cbec763ce8) Importer(815301076,1909f56bfc062723c751e8b465ee728b)
Start importing Assets/Dark UI/Free/128 Light.png using Guid(240ae01ad665c6d4798249cbec763ce8) Importer(815301076,1909f56bfc062723c751e8b465ee728b)  -> (artifact id: '2a8923e0d334998e0e4d21462a429f1d') in 0.020454 seconds
Number of updated asset objects reloaded before import = 0
Number of asset objects unloaded after import = 3
========================================================================
Received Import Request.
  Time since last request: 0.000009 seconds.
  path: Assets/Dark UI/Free/ButtonSmallRound.png
  artifactKey: Guid(04c64e19d8f8f0140837c8a6b21c358d) Importer(815301076,1909f56bfc062723c751e8b465ee728b)
Start importing Assets/Dark UI/Free/ButtonSmallRound.png using Guid(04c64e19d8f8f0140837c8a6b21c358d) Importer(815301076,1909f56bfc062723c751e8b465ee728b)  -> (artifact id: 'f414506840d8ea565ac31790c5ec14d1') in 0.019405 seconds
Number of updated asset objects reloaded before import = 0
Number of asset objects unloaded after import = 3
========================================================================
Received Import Request.
  Time since last request: 0.000010 seconds.
  path: Assets/Dark UI/Free/B.png
  artifactKey: Guid(0800cc9d4da0323489f4d25c65194aa5) Importer(815301076,1909f56bfc062723c751e8b465ee728b)
Start importing Assets/Dark UI/Free/B.png using Guid(0800cc9d4da0323489f4d25c65194aa5) Importer(815301076,1909f56bfc062723c751e8b465ee728b)  -> (artifact id: '451024524862b8fcc577c0ef72d403ed') in 0.022397 seconds
Number of updated asset objects reloaded before import = 0
Number of asset objects unloaded after import = 3
========================================================================
Received Import Request.
  Time since last request: 0.000009 seconds.
  path: Assets/Dark UI/Free/A.png
  artifactKey: Guid(0f9aff9d1d5411d419a50a1f33efcf25) Importer(815301076,1909f56bfc062723c751e8b465ee728b)
Start importing Assets/Dark UI/Free/A.png using Guid(0f9aff9d1d5411d419a50a1f33efcf25) Importer(815301076,1909f56bfc062723c751e8b465ee728b)  -> (artifact id: '93d48ac18e24ab4f5811c46f71c904c9') in 0.019053 seconds
Number of updated asset objects reloaded before import = 0
Number of asset objects unloaded after import = 3
========================================================================
Received Import Request.
  Time since last request: 1.797450 seconds.
  path: Assets/Dark UI/Free/CIRCLE2PXSMALL.png
  artifactKey: Guid(9e64140fa412af443b31a21fedffc096) Importer(815301076,1909f56bfc062723c751e8b465ee728b)
Start importing Assets/Dark UI/Free/CIRCLE2PXSMALL.png using Guid(9e64140fa412af443b31a21fedffc096) Importer(815301076,1909f56bfc062723c751e8b465ee728b)  -> (artifact id: '97354b3f2942180b7b147a39e1e237dc') in 0.020724 seconds
Number of updated asset objects reloaded before import = 0
Number of asset objects unloaded after import = 3
========================================================================
Received Import Request.
  Time since last request: 0.000011 seconds.
  path: Assets/Dark UI/Free/CIRCLE4PXMED.png
  artifactKey: Guid(ec6eebcb88fa2314796ef9605c6a43e7) Importer(815301076,1909f56bfc062723c751e8b465ee728b)
Start importing Assets/Dark UI/Free/CIRCLE4PXMED.png using Guid(ec6eebcb88fa2314796ef9605c6a43e7) Importer(815301076,1909f56bfc062723c751e8b465ee728b)  -> (artifact id: '89397dee94ca286e2ba5af97f1edb434') in 0.019994 seconds
Number of updated asset objects reloaded before import = 0
Number of asset objects unloaded after import = 3
========================================================================
Received Import Request.
  Time since last request: 0.000012 seconds.
  path: Assets/Dark UI/Free/Divider.png
  artifactKey: Guid(3e33bda025a5e1d4eae51ae3933d9954) Importer(815301076,1909f56bfc062723c751e8b465ee728b)
Start importing Assets/Dark UI/Free/Divider.png using Guid(3e33bda025a5e1d4eae51ae3933d9954) Importer(815301076,1909f56bfc062723c751e8b465ee728b)  -> (artifact id: '084e3b48f81f9da87609310c9d7c79dc') in 0.018630 seconds
Number of updated asset objects reloaded before import = 0
Number of asset objects unloaded after import = 3
========================================================================
Received Import Request.
  Time since last request: 0.000015 seconds.
  path: Assets/Dark UI/Free/Down Arrow.png
  artifactKey: Guid(4fa7a2c5ad85feb4991c2ddc865d25c7) Importer(815301076,1909f56bfc062723c751e8b465ee728b)
Start importing Assets/Dark UI/Free/Down Arrow.png using Guid(4fa7a2c5ad85feb4991c2ddc865d25c7) Importer(815301076,1909f56bfc062723c751e8b465ee728b)  -> (artifact id: '1c4f64e07d7e7374485c065cd66b0918') in 0.018367 seconds
Number of updated asset objects reloaded before import = 0
Number of asset objects unloaded after import = 3
========================================================================
Received Import Request.
  Time since last request: 0.000009 seconds.
  path: Assets/Dark UI/Free/Down BTN.png
  artifactKey: Guid(adfae103208dcfb479b198bfb03f095e) Importer(815301076,1909f56bfc062723c751e8b465ee728b)
Start importing Assets/Dark UI/Free/Down BTN.png using Guid(adfae103208dcfb479b198bfb03f095e) Importer(815301076,1909f56bfc062723c751e8b465ee728b)  -> (artifact id: 'f1564f60538aee59f58be112189ef604') in 0.019797 seconds
Number of updated asset objects reloaded before import = 0
Number of asset objects unloaded after import = 3
========================================================================
Received Import Request.
  Time since last request: 0.000009 seconds.
  path: Assets/Dark UI/Free/Left Arrow.png
  artifactKey: Guid(210e6a7b28c57aa4e9408866e861895c) Importer(815301076,1909f56bfc062723c751e8b465ee728b)
Start importing Assets/Dark UI/Free/Left Arrow.png using Guid(210e6a7b28c57aa4e9408866e861895c) Importer(815301076,1909f56bfc062723c751e8b465ee728b)  -> (artifact id: '464c4a620e23d5e11be9f1ef1022ffd1') in 0.019416 seconds
Number of updated asset objects reloaded before import = 0
Number of asset objects unloaded after import = 3
========================================================================
Received Import Request.
  Time since last request: 0.000011 seconds.
  path: Assets/Dark UI/Free/Music.png
  artifactKey: Guid(f5f3ad8f35c709e4dabc990b16fd52e9) Importer(815301076,1909f56bfc062723c751e8b465ee728b)
Start importing Assets/Dark UI/Free/Music.png using Guid(f5f3ad8f35c709e4dabc990b16fd52e9) Importer(815301076,1909f56bfc062723c751e8b465ee728b)  -> (artifact id: 'dd15601f13a44e398156928c10dc6f9d') in 0.019220 seconds
Number of updated asset objects reloaded before import = 0
Number of asset objects unloaded after import = 3
========================================================================
Received Import Request.
  Time since last request: 0.000010 seconds.
  path: Assets/Dark UI/Free/Ranks.png
  artifactKey: Guid(e8433df827a81cb48bac4ebc18d1e25e) Importer(815301076,1909f56bfc062723c751e8b465ee728b)
Start importing Assets/Dark UI/Free/Ranks.png using Guid(e8433df827a81cb48bac4ebc18d1e25e) Importer(815301076,1909f56bfc062723c751e8b465ee728b)  -> (artifact id: '0905d736a891000c6003012a2efbb39e') in 0.020653 seconds
Number of updated asset objects reloaded before import = 0
Number of asset objects unloaded after import = 3
========================================================================
Received Import Request.
  Time since last request: 0.250729 seconds.
  path: Assets/Dark UI/Free/Shop.png
  artifactKey: Guid(18faf426d460ece49970252ef5e8a56d) Importer(815301076,1909f56bfc062723c751e8b465ee728b)
Start importing Assets/Dark UI/Free/Shop.png using Guid(18faf426d460ece49970252ef5e8a56d) Importer(815301076,1909f56bfc062723c751e8b465ee728b)  -> (artifact id: 'fa4004f95b6ba98710da934f19224e85') in 0.020065 seconds
Number of updated asset objects reloaded before import = 0
Number of asset objects unloaded after import = 3
========================================================================
Received Import Request.
  Time since last request: 0.000011 seconds.
  path: Assets/Dark UI/Free/Star.png
  artifactKey: Guid(58077e7d7c1f69e448677d19dddcbc9c) Importer(815301076,1909f56bfc062723c751e8b465ee728b)
Start importing Assets/Dark UI/Free/Star.png using Guid(58077e7d7c1f69e448677d19dddcbc9c) Importer(815301076,1909f56bfc062723c751e8b465ee728b)  -> (artifact id: '56a3440e7f6fc751c4589b9a699c921a') in 0.018478 seconds
Number of updated asset objects reloaded before import = 0
Number of asset objects unloaded after import = 3
Editor requested this worker to shutdown with reason: Scaling down because of idle timeout
TcpMessagingSession - receive error: operation aborted. errorcode: 995, details: The I/O operation has been aborted because of either a thread exit or an application request.
AssetImportWorker is now disconnected from the server
Process exiting
Exiting without the bug reporter. Application will terminate with return code 0